<?xml version="1.0" encoding="UTF-8"?>
<testsuites name="MpwebSuite1" time="608.361" tests="2" failures="1" errors="0">
   <testsuite name="MpwebSuite1" tests="2" failures="1" errors="0" time="608.361" skipped="0" timestamp="2022-12-29 10:58:36" hostname="sunil.patel - PS-LP-NOI-10126" id="Test Suites/MpwebSuite1">
      <properties>
         <property name="deviceName" value=""/>
         <property name="devicePlatform" value=""/>
         <property name="logFolder" value="C:\\Users\\sunil.patel\\Katalon Studio\\Sample - Web API Tests\\Reports\\20221229_105817\\MpwebSuite1\\20221229_105817"/>
         <property name="logFiles" value="C:\\Users\\sunil.patel\\Katalon Studio\\Sample - Web API Tests\\Reports\\20221229_105817\\MpwebSuite1\\20221229_105817\\execution0.log"/>
         <property name="attachments" value="C:\\Users\\sunil.patel\\Katalon Studio\\Sample - Web API Tests\\Reports\\20221229_105817\\MpwebSuite1\\20221229_105817\\1672291881099.png, C:\\Users\\sunil.patel\\Katalon Studio\\Sample - Web API Tests\\Reports\\20221229_105817\\MpwebSuite1\\20221229_105817\\1672291884189.png, C:\\Users\\sunil.patel\\Katalon Studio\\Sample - Web API Tests\\Reports\\20221229_105817\\MpwebSuite1\\20221229_105817\\1672291887480.png, C:\\Users\\sunil.patel\\Katalon Studio\\Sample - Web API Tests\\Reports\\20221229_105817\\MpwebSuite1\\20221229_105817\\1672291998937.png, C:\\Users\\sunil.patel\\Katalon Studio\\Sample - Web API Tests\\Reports\\20221229_105817\\MpwebSuite1\\20221229_105817\\1672292008993.png, C:\\Users\\sunil.patel\\Katalon Studio\\Sample - Web API Tests\\Reports\\20221229_105817\\MpwebSuite1\\20221229_105817\\1672292010105.png, C:\\Users\\sunil.patel\\Katalon Studio\\Sample - Web API Tests\\Reports\\20221229_105817\\MpwebSuite1\\20221229_105817\\1672292011148.png"/>
         <property name="hostName" value="sunil.patel - PS-LP-NOI-10126"/>
         <property name="os" value="Windows 10 64bit"/>
         <property name="katalonVersion" value="8.5.5.208"/>
         <property name="browser" value="Chrome 108.0.0.0"/>
         <property name="hostAddress" value="192.168.225.80"/>
         <property name="sessionId" value="75f45dd9e123dc703e33874f22c897b5"/>
         <property name="seleniumVersion" value="3.141.59"/>
         <property name="proxyInformation" value="ProxyInformation { proxyOption=NO_PROXY, proxyServerType=HTTP, username=, password=********, proxyServerAddress=, proxyServerPort=0, executionList=&quot;&quot;, isApplyToDesiredCapabilities=true }"/>
         <property name="platform" value="Windows 10"/>
      </properties>
      <testcase name="Test Cases/Add_Affiliation" time="402.881" classname="Test Cases/Add_Affiliation" status="FAILED">
         <failure type="FAILED" message="Test Cases/Add_Affiliation FAILED.
Reason:
com.kms.katalon.core.exception.StepFailedException: Actual text 'Records : 2' and expected text 'Record : 1' of test object 'Object Repository/Page_MHK MarketProminence Sandbox/span_Record  1' are NOT matched. (Root cause: com.kms.katalon.core.exception.StepFailedException: Actual text 'Records : 2' and expected text 'Record : 1' of test object 'Object Repository/Page_MHK MarketProminence Sandbox/span_Record  1' are NOT matched.
	at com.kms.katalon.core.webui.keyword.internal.WebUIKeywordMain.stepFailed(WebUIKeywordMain.groovy:64)
	at com.kms.katalon.core.webui.keyword.builtin.VerifyElementTextKeyword$_verifyElementText_closure1.doCall(VerifyElementTextKeyword.groovy:57)
	at com.kms.katalon.core.webui.keyword.builtin.VerifyElementTextKeyword$_verifyElementText_closure1.call(VerifyElementTextKeyword.groovy)
	at com.kms.katalon.core.webui.keyword.internal.WebUIKeywordMain.runKeyword(WebUIKeywordMain.groovy:20)
	at com.kms.katalon.core.webui.keyword.builtin.VerifyElementTextKeyword.verifyElementText(VerifyElementTextKeyword.groovy:72)
	at com.kms.katalon.core.webui.keyword.builtin.VerifyElementTextKeyword.execute(VerifyElementTextKeyword.groovy:40)
	at com.kms.katalon.core.keyword.internal.KeywordExecutor.executeKeywordForPlatform(KeywordExecutor.groovy:74)
	at com.kms.katalon.core.webui.keyword.WebUiBuiltInKeywords.verifyElementText(WebUiBuiltInKeywords.groovy:4749)
	at com.kms.katalon.core.webui.keyword.WebUiBuiltInKeywords$verifyElementText$6.call(Unknown Source)
	at Add_Affiliation.run(Add_Affiliation:194)
	at com.kms.katalon.core.main.ScriptEngine.run(ScriptEngine.java:194)
	at com.kms.katalon.core.main.ScriptEngine.runScriptAsRawText(ScriptEngine.java:119)
	at com.kms.katalon.core.main.TestCaseExecutor.runScript(TestCaseExecutor.java:448)
	at com.kms.katalon.core.main.TestCaseExecutor.doExecute(TestCaseExecutor.java:439)
	at com.kms.katalon.core.main.TestCaseExecutor.processExecutionPhase(TestCaseExecutor.java:418)
	at com.kms.katalon.core.main.TestCaseExecutor.accessMainPhase(TestCaseExecutor.java:410)
	at com.kms.katalon.core.main.TestCaseExecutor.execute(TestCaseExecutor.java:285)
	at com.kms.katalon.core.common.CommonExecutor.accessTestCaseMainPhase(CommonExecutor.java:65)
	at com.kms.katalon.core.main.TestSuiteExecutor.accessTestSuiteMainPhase(TestSuiteExecutor.java:151)
	at com.kms.katalon.core.main.TestSuiteExecutor.execute(TestSuiteExecutor.java:106)
	at com.kms.katalon.core.main.TestCaseMain.startTestSuite(TestCaseMain.java:185)
	at com.kms.katalon.core.main.TestCaseMain$startTestSuite$0.call(Unknown Source)
	at TempTestSuite1672291697359.run(TempTestSuite1672291697359.groovy:36)
)
	at com.kms.katalon.core.keyword.internal.KeywordMain.stepFailed(KeywordMain.groovy:39)
	at com.kms.katalon.core.webui.keyword.internal.WebUIKeywordMain.stepFailed(WebUIKeywordMain.groovy:64)
	at com.kms.katalon.core.webui.keyword.builtin.VerifyElementTextKeyword$_verifyElementText_closure1.doCall(VerifyElementTextKeyword.groovy:57)
	at com.kms.katalon.core.webui.keyword.builtin.VerifyElementTextKeyword$_verifyElementText_closure1.call(VerifyElementTextKeyword.groovy)
	at com.kms.katalon.core.webui.keyword.internal.WebUIKeywordMain.runKeyword(WebUIKeywordMain.groovy:20)
	at com.kms.katalon.core.webui.keyword.builtin.VerifyElementTextKeyword.verifyElementText(VerifyElementTextKeyword.groovy:72)
	at com.kms.katalon.core.webui.keyword.builtin.VerifyElementTextKeyword.execute(VerifyElementTextKeyword.groovy:40)
	at com.kms.katalon.core.keyword.internal.KeywordExecutor.executeKeywordForPlatform(KeywordExecutor.groovy:74)
	at com.kms.katalon.core.webui.keyword.WebUiBuiltInKeywords.verifyElementText(WebUiBuiltInKeywords.groovy:4749)
	at com.kms.katalon.core.webui.keyword.WebUiBuiltInKeywords$verifyElementText$6.call(Unknown Source)
	at Add_Affiliation.run(Add_Affiliation:194)
	at com.kms.katalon.core.main.ScriptEngine.run(ScriptEngine.java:194)
	at com.kms.katalon.core.main.ScriptEngine.runScriptAsRawText(ScriptEngine.java:119)
	at com.kms.katalon.core.main.TestCaseExecutor.runScript(TestCaseExecutor.java:448)
	at com.kms.katalon.core.main.TestCaseExecutor.doExecute(TestCaseExecutor.java:439)
	at com.kms.katalon.core.main.TestCaseExecutor.processExecutionPhase(TestCaseExecutor.java:418)
	at com.kms.katalon.core.main.TestCaseExecutor.accessMainPhase(TestCaseExecutor.java:410)
	at com.kms.katalon.core.main.TestCaseExecutor.execute(TestCaseExecutor.java:285)
	at com.kms.katalon.core.common.CommonExecutor.accessTestCaseMainPhase(CommonExecutor.java:65)
	at com.kms.katalon.core.main.TestSuiteExecutor.accessTestSuiteMainPhase(TestSuiteExecutor.java:151)
	at com.kms.katalon.core.main.TestSuiteExecutor.execute(TestSuiteExecutor.java:106)
	at com.kms.katalon.core.main.TestCaseMain.startTestSuite(TestCaseMain.java:185)
	at com.kms.katalon.core.main.TestCaseMain$startTestSuite$0.call(Unknown Source)
	at TempTestSuite1672291697359.run(TempTestSuite1672291697359.groovy:36)
Caused by: com.kms.katalon.core.exception.StepFailedException: Actual text 'Records : 2' and expected text 'Record : 1' of test object 'Object Repository/Page_MHK MarketProminence Sandbox/span_Record  1' are NOT matched.
	... 23 more
"/>
         <system-out><![CDATA[2022-12-29 10:58:38 - [TEST_CASE][FAILED] - Test Cases/Add_Affiliation: Test Cases/Add_Affiliation FAILED.
Reason:
com.kms.katalon.core.exception.StepFailedException: Actual text 'Records : 2' and expected text 'Record : 1' of test object 'Object Repository/Page_MHK MarketProminence Sandbox/span_Record  1' are NOT matched. (Root cause: com.kms.katalon.core.exception.StepFailedException: Actual text 'Records : 2' and expected text 'Record : 1' of test object 'Object Repository/Page_MHK MarketProminence Sandbox/span_Record  1' are NOT matched.
	at com.kms.katalon.core.webui.keyword.internal.WebUIKeywordMain.stepFailed(WebUIKeywordMain.groovy:64)
	at com.kms.katalon.core.webui.keyword.builtin.VerifyElementTextKeyword$_verifyElementText_closure1.doCall(VerifyElementTextKeyword.groovy:57)
	at com.kms.katalon.core.webui.keyword.builtin.VerifyElementTextKeyword$_verifyElementText_closure1.call(VerifyElementTextKeyword.groovy)
	at com.kms.katalon.core.webui.keyword.internal.WebUIKeywordMain.runKeyword(WebUIKeywordMain.groovy:20)
	at com.kms.katalon.core.webui.keyword.builtin.VerifyElementTextKeyword.verifyElementText(VerifyElementTextKeyword.groovy:72)
	at com.kms.katalon.core.webui.keyword.builtin.VerifyElementTextKeyword.execute(VerifyElementTextKeyword.groovy:40)
	at com.kms.katalon.core.keyword.internal.KeywordExecutor.executeKeywordForPlatform(KeywordExecutor.groovy:74)
	at com.kms.katalon.core.webui.keyword.WebUiBuiltInKeywords.verifyElementText(WebUiBuiltInKeywords.groovy:4749)
	at com.kms.katalon.core.webui.keyword.WebUiBuiltInKeywords$verifyElementText$6.call(Unknown Source)
	at Add_Affiliation.run(Add_Affiliation:194)
	at com.kms.katalon.core.main.ScriptEngine.run(ScriptEngine.java:194)
	at com.kms.katalon.core.main.ScriptEngine.runScriptAsRawText(ScriptEngine.java:119)
	at com.kms.katalon.core.main.TestCaseExecutor.runScript(TestCaseExecutor.java:448)
	at com.kms.katalon.core.main.TestCaseExecutor.doExecute(TestCaseExecutor.java:439)
	at com.kms.katalon.core.main.TestCaseExecutor.processExecutionPhase(TestCaseExecutor.java:418)
	at com.kms.katalon.core.main.TestCaseExecutor.accessMainPhase(TestCaseExecutor.java:410)
	at com.kms.katalon.core.main.TestCaseExecutor.execute(TestCaseExecutor.java:285)
	at com.kms.katalon.core.common.CommonExecutor.accessTestCaseMainPhase(CommonExecutor.java:65)
	at com.kms.katalon.core.main.TestSuiteExecutor.accessTestSuiteMainPhase(TestSuiteExecutor.java:151)
	at com.kms.katalon.core.main.TestSuiteExecutor.execute(TestSuiteExecutor.java:106)
	at com.kms.katalon.core.main.TestCaseMain.startTestSuite(TestCaseMain.java:185)
	at com.kms.katalon.core.main.TestCaseMain$startTestSuite$0.call(Unknown Source)
	at TempTestSuite1672291697359.run(TempTestSuite1672291697359.groovy:36)
)
	at com.kms.katalon.core.keyword.internal.KeywordMain.stepFailed(KeywordMain.groovy:39)
	at com.kms.katalon.core.webui.keyword.internal.WebUIKeywordMain.stepFailed(WebUIKeywordMain.groovy:64)
	at com.kms.katalon.core.webui.keyword.builtin.VerifyElementTextKeyword$_verifyElementText_closure1.doCall(VerifyElementTextKeyword.groovy:57)
	at com.kms.katalon.core.webui.keyword.builtin.VerifyElementTextKeyword$_verifyElementText_closure1.call(VerifyElementTextKeyword.groovy)
	at com.kms.katalon.core.webui.keyword.internal.WebUIKeywordMain.runKeyword(WebUIKeywordMain.groovy:20)
	at com.kms.katalon.core.webui.keyword.builtin.VerifyElementTextKeyword.verifyElementText(VerifyElementTextKeyword.groovy:72)
	at com.kms.katalon.core.webui.keyword.builtin.VerifyElementTextKeyword.execute(VerifyElementTextKeyword.groovy:40)
	at com.kms.katalon.core.keyword.internal.KeywordExecutor.executeKeywordForPlatform(KeywordExecutor.groovy:74)
	at com.kms.katalon.core.webui.keyword.WebUiBuiltInKeywords.verifyElementText(WebUiBuiltInKeywords.groovy:4749)
	at com.kms.katalon.core.webui.keyword.WebUiBuiltInKeywords$verifyElementText$6.call(Unknown Source)
	at Add_Affiliation.run(Add_Affiliation:194)
	at com.kms.katalon.core.main.ScriptEngine.run(ScriptEngine.java:194)
	at com.kms.katalon.core.main.ScriptEngine.runScriptAsRawText(ScriptEngine.java:119)
	at com.kms.katalon.core.main.TestCaseExecutor.runScript(TestCaseExecutor.java:448)
	at com.kms.katalon.core.main.TestCaseExecutor.doExecute(TestCaseExecutor.java:439)
	at com.kms.katalon.core.main.TestCaseExecutor.processExecutionPhase(TestCaseExecutor.java:418)
	at com.kms.katalon.core.main.TestCaseExecutor.accessMainPhase(TestCaseExecutor.java:410)
	at com.kms.katalon.core.main.TestCaseExecutor.execute(TestCaseExecutor.java:285)
	at com.kms.katalon.core.common.CommonExecutor.accessTestCaseMainPhase(CommonExecutor.java:65)
	at com.kms.katalon.core.main.TestSuiteExecutor.accessTestSuiteMainPhase(TestSuiteExecutor.java:151)
	at com.kms.katalon.core.main.TestSuiteExecutor.execute(TestSuiteExecutor.java:106)
	at com.kms.katalon.core.main.TestCaseMain.startTestSuite(TestCaseMain.java:185)
	at com.kms.katalon.core.main.TestCaseMain$startTestSuite$0.call(Unknown Source)
	at TempTestSuite1672291697359.run(TempTestSuite1672291697359.groovy:36)
Caused by: com.kms.katalon.core.exception.StepFailedException: Actual text 'Records : 2' and expected text 'Record : 1' of test object 'Object Repository/Page_MHK MarketProminence Sandbox/span_Record  1' are NOT matched.
	... 23 more


2022-12-29 10:58:40 - [TEST_STEP][PASSED] - callTestCase(findTestCase("LoginTestcase"), ["url":url, "username":username, "password":password], CONTINUE_ON_FAILURE): Call Test Case 'Test Cases/LoginTestcase' successfully

2022-12-29 10:58:40 - [TEST_CASE][PASSED] - Test Cases/LoginTestcase: Test Cases/LoginTestcase

2022-12-29 10:58:42 - [TEST_STEP][PASSED] - openBrowser(""): Browser is opened with url: ''

2022-12-29 10:58:43 - [MESSAGE][INFO] - Starting 'Chrome' driver

2022-12-29 10:58:43 - [MESSAGE][INFO] - Action delay is set to 0 milliseconds

2022-12-29 10:58:55 - [MESSAGE][WARNING] - FFmpeg was not installed! Browser Recording will be disabled. Please follow this document to install FFmpeg first: https://docs.katalon.com/katalon-studio/docs/screenshots-videos.html#browser-based-recorder

2022-12-29 10:58:55 - [MESSAGE][PASSED] - Browser is opened with url: ''

2022-12-29 10:58:55 - [TEST_STEP][PASSED] - navigateToUrl(url): Navigate to 'https://mpwebsandbox.mhkdevsandbox.com/' successfully

2022-12-29 10:59:05 - [MESSAGE][PASSED] - Navigate to 'https://mpwebsandbox.mhkdevsandbox.com/' successfully

2022-12-29 10:59:05 - [TEST_STEP][PASSED] - var = verifyTextPresent("MarketProminence Login", false, OPTIONAL): Text 'MarketProminence Login' is present on page 

2022-12-29 10:59:06 - [MESSAGE][PASSED] - Text 'MarketProminence Login' is present on page 

2022-12-29 10:59:06 - [TEST_STEP][PASSED] - if (var == true): Wait for page load successfully

2022-12-29 10:59:06 - [TEST_STEP][PASSED] - setText(findTestObject("Object Repository/Page_MarketProminence Authorization/input_Username_Username"), username): Text 'DZCPS' is set on object 'Object Repository/Page_MarketProminence Authorization/input_Username_Username'

2022-12-29 10:59:08 - [MESSAGE][PASSED] - Text 'DZCPS' is set on object 'Object Repository/Page_MarketProminence Authorization/input_Username_Username'

2022-12-29 10:59:08 - [TEST_STEP][PASSED] - click(findTestObject("Object Repository/Page_MarketProminence Authorization/div_Password")): Object: 'Object Repository/Page_MarketProminence Authorization/div_Password' is clicked on

2022-12-29 10:59:09 - [MESSAGE][PASSED] - Object: 'Object Repository/Page_MarketProminence Authorization/div_Password' is clicked on

2022-12-29 10:59:09 - [TEST_STEP][PASSED] - setText(findTestObject("Object Repository/Page_MarketProminence Authorization/input_Password_Password"), password): Text 'mp0292' is set on object 'Object Repository/Page_MarketProminence Authorization/input_Password_Password'

2022-12-29 10:59:10 - [MESSAGE][PASSED] - Text 'mp0292' is set on object 'Object Repository/Page_MarketProminence Authorization/input_Password_Password'

2022-12-29 10:59:10 - [TEST_STEP][PASSED] - click(findTestObject("Object Repository/Page_MarketProminence Authorization/button_Login")): Object: 'Object Repository/Page_MarketProminence Authorization/button_Login' is clicked on

2022-12-29 10:59:17 - [MESSAGE][PASSED] - Object: 'Object Repository/Page_MarketProminence Authorization/button_Login' is clicked on

2022-12-29 10:59:17 - [TEST_STEP][PASSED] - waitForPageLoad(30): Wait for page load successfully

2022-12-29 10:59:18 - [MESSAGE][PASSED] - Wait for page load successfully

2022-12-29 10:59:18 - [MESSAGE][PASSED] - Call Test Case 'Test Cases/LoginTestcase' successfully

2022-12-29 10:59:18 - [TEST_STEP][PASSED] - click(findTestObject("Object Repository/Page_MHK MarketProminence Sandbox/a_MarketProminence_mpweb-navbar-icon-button_1cdd27")): Object: 'Object Repository/Page_MHK MarketProminence Sandbox/a_MarketProminence_mpweb-navbar-icon-button_1cdd27' is clicked on

2022-12-29 10:59:22 - [MESSAGE][PASSED] - Object: 'Object Repository/Page_MHK MarketProminence Sandbox/a_MarketProminence_mpweb-navbar-icon-button_1cdd27' is clicked on

2022-12-29 10:59:22 - [TEST_STEP][PASSED] - click(findTestObject("Object Repository/Page_MHK MarketProminence Sandbox/a_Setup")): Object: 'Object Repository/Page_MHK MarketProminence Sandbox/a_Setup' is clicked on

2022-12-29 10:59:23 - [MESSAGE][PASSED] - Object: 'Object Repository/Page_MHK MarketProminence Sandbox/a_Setup' is clicked on

2022-12-29 10:59:23 - [TEST_STEP][PASSED] - click(findTestObject("Object Repository/Page_MHK MarketProminence Sandbox/a_Action")): Object: 'Object Repository/Page_MHK MarketProminence Sandbox/a_Action' is clicked on

2022-12-29 10:59:37 - [MESSAGE][PASSED] - Object: 'Object Repository/Page_MHK MarketProminence Sandbox/a_Action' is clicked on

2022-12-29 10:59:37 - [TEST_STEP][PASSED] - click(findTestObject("Object Repository/Page_MHK MarketProminence Sandbox/selectAffiliation")): Object: 'Object Repository/Page_MHK MarketProminence Sandbox/selectAffiliation' is clicked on

2022-12-29 10:59:38 - [MESSAGE][PASSED] - Object: 'Object Repository/Page_MHK MarketProminence Sandbox/selectAffiliation' is clicked on

2022-12-29 10:59:38 - [TEST_STEP][PASSED] - click(findTestObject("Object Repository/Page_MHK MarketProminence Sandbox/button_Add")): Object: 'Object Repository/Page_MHK MarketProminence Sandbox/button_Add' is clicked on

2022-12-29 10:59:55 - [MESSAGE][PASSED] - Object: 'Object Repository/Page_MHK MarketProminence Sandbox/button_Add' is clicked on

2022-12-29 10:59:55 - [TEST_STEP][PASSED] - setText(findTestObject("Object Repository/Page_MHK MarketProminence Sandbox/input_Primary_affiliation"), "staff user"): Text 'staff user' is set on object 'Object Repository/Page_MHK MarketProminence Sandbox/input_Primary_affiliation'

2022-12-29 11:00:00 - [MESSAGE][PASSED] - Text 'staff user' is set on object 'Object Repository/Page_MHK MarketProminence Sandbox/input_Primary_affiliation'

2022-12-29 11:00:00 - [TEST_STEP][PASSED] - click(findTestObject("Object Repository/Page_MHK MarketProminence Sandbox/input_Secondary_affiliation")): Object: 'Object Repository/Page_MHK MarketProminence Sandbox/input_Secondary_affiliation' is clicked on

2022-12-29 11:00:01 - [MESSAGE][PASSED] - Object: 'Object Repository/Page_MHK MarketProminence Sandbox/input_Secondary_affiliation' is clicked on

2022-12-29 11:00:01 - [TEST_STEP][PASSED] - setText(findTestObject("Object Repository/Page_MHK MarketProminence Sandbox/input_Secondary_affiliation"), "user1"): Text 'user1' is set on object 'Object Repository/Page_MHK MarketProminence Sandbox/input_Secondary_affiliation'

2022-12-29 11:00:04 - [MESSAGE][PASSED] - Text 'user1' is set on object 'Object Repository/Page_MHK MarketProminence Sandbox/input_Secondary_affiliation'

2022-12-29 11:00:04 - [TEST_STEP][PASSED] - click(findTestObject("Object Repository/Page_MHK MarketProminence Sandbox/input_Lan_assignedPrograms-SELECTED-row-2-col-0")): Object: 'Object Repository/Page_MHK MarketProminence Sandbox/input_Lan_assignedPrograms-SELECTED-row-2-col-0' is clicked on

2022-12-29 11:00:06 - [MESSAGE][PASSED] - Object: 'Object Repository/Page_MHK MarketProminence Sandbox/input_Lan_assignedPrograms-SELECTED-row-2-col-0' is clicked on

2022-12-29 11:00:06 - [TEST_STEP][PASSED] - click(findTestObject("Object Repository/Page_MHK MarketProminence Sandbox/input_M03_assignedPrograms-SELECTED-row-3-col-0")): Object: 'Object Repository/Page_MHK MarketProminence Sandbox/input_M03_assignedPrograms-SELECTED-row-3-col-0' is clicked on

2022-12-29 11:00:07 - [MESSAGE][PASSED] - Object: 'Object Repository/Page_MHK MarketProminence Sandbox/input_M03_assignedPrograms-SELECTED-row-3-col-0' is clicked on

2022-12-29 11:00:07 - [TEST_STEP][PASSED] - click(findTestObject("Object Repository/Page_MHK MarketProminence Sandbox/button_Save")): Object: 'Object Repository/Page_MHK MarketProminence Sandbox/button_Save' is clicked on

2022-12-29 11:00:08 - [MESSAGE][PASSED] - Object: 'Object Repository/Page_MHK MarketProminence Sandbox/button_Save' is clicked on

2022-12-29 11:00:08 - [TEST_STEP][PASSED] - click(findTestObject("Object Repository/Page_MHK MarketProminence Sandbox/span_staff user (1)")): Object: 'Object Repository/Page_MHK MarketProminence Sandbox/span_staff user (1)' is clicked on

2022-12-29 11:00:16 - [MESSAGE][PASSED] - Object: 'Object Repository/Page_MHK MarketProminence Sandbox/span_staff user (1)' is clicked on

2022-12-29 11:00:16 - [TEST_STEP][PASSED] - click(findTestObject("Object Repository/Page_MHK MarketProminence Sandbox/button_Add")): Object: 'Object Repository/Page_MHK MarketProminence Sandbox/button_Add' is clicked on

2022-12-29 11:00:18 - [MESSAGE][PASSED] - Object: 'Object Repository/Page_MHK MarketProminence Sandbox/button_Add' is clicked on

2022-12-29 11:00:18 - [TEST_STEP][PASSED] - click(findTestObject("Object Repository/Page_MHK MarketProminence Sandbox/span_Primary_k-button-icon k-icon k-i-arrow-s")): Object: 'Object Repository/Page_MHK MarketProminence Sandbox/span_Primary_k-button-icon k-icon k-i-arrow-s' is clicked on

2022-12-29 11:00:20 - [MESSAGE][PASSED] - Object: 'Object Repository/Page_MHK MarketProminence Sandbox/span_Primary_k-button-icon k-icon k-i-arrow-s' is clicked on

2022-12-29 11:00:20 - [TEST_STEP][PASSED] - setText(findTestObject("Object Repository/Page_MHK MarketProminence Sandbox/input_Primary_affiliation"), "staff user"): Text 'staff user' is set on object 'Object Repository/Page_MHK MarketProminence Sandbox/input_Primary_affiliation'

2022-12-29 11:00:22 - [MESSAGE][PASSED] - Text 'staff user' is set on object 'Object Repository/Page_MHK MarketProminence Sandbox/input_Primary_affiliation'

2022-12-29 11:00:22 - [TEST_STEP][PASSED] - setText(findTestObject("Object Repository/Page_MHK MarketProminence Sandbox/input_Secondary_affiliation"), "user2"): Text 'user2' is set on object 'Object Repository/Page_MHK MarketProminence Sandbox/input_Secondary_affiliation'

2022-12-29 11:00:23 - [MESSAGE][PASSED] - Text 'user2' is set on object 'Object Repository/Page_MHK MarketProminence Sandbox/input_Secondary_affiliation'

2022-12-29 11:00:23 - [TEST_STEP][PASSED] - click(findTestObject("Object Repository/Page_MHK MarketProminence Sandbox/input_M03_assignedPrograms-SELECTED-row-3-col-0")): Object: 'Object Repository/Page_MHK MarketProminence Sandbox/input_M03_assignedPrograms-SELECTED-row-3-col-0' is clicked on

2022-12-29 11:00:24 - [MESSAGE][PASSED] - Object: 'Object Repository/Page_MHK MarketProminence Sandbox/input_M03_assignedPrograms-SELECTED-row-3-col-0' is clicked on

2022-12-29 11:00:24 - [TEST_STEP][PASSED] - click(findTestObject("Object Repository/Page_MHK MarketProminence Sandbox/button_Save")): Object: 'Object Repository/Page_MHK MarketProminence Sandbox/button_Save' is clicked on

2022-12-29 11:00:25 - [MESSAGE][PASSED] - Object: 'Object Repository/Page_MHK MarketProminence Sandbox/button_Save' is clicked on

2022-12-29 11:00:25 - [TEST_STEP][NOT_RUN] - verifyElementText(findTestObject("Object Repository/Page_MHK MarketProminence Sandbox/div_Successfully saved Affiliation"), "Successfully saved Affiliation."): NOT_RUN: verifyElementText(findTestObject("Object Repository/Page_MHK MarketProminence Sandbox/div_Successfully saved Affiliation"), "Successfully saved Affiliation.")

2022-12-29 11:00:25 - [MESSAGE][NOT_RUN] - NOT_RUN: verifyElementText(findTestObject("Object Repository/Page_MHK MarketProminence Sandbox/div_Successfully saved Affiliation"), "Successfully saved Affiliation.")

2022-12-29 11:00:25 - [TEST_STEP][PASSED] - click(findTestObject("Object Repository/Page_MHK MarketProminence Sandbox/i_Contains_action-icon-is-enabled fa fa-clo_c0333a")): Object: 'Object Repository/Page_MHK MarketProminence Sandbox/i_Contains_action-icon-is-enabled fa fa-clo_c0333a' is clicked on

2022-12-29 11:00:28 - [MESSAGE][PASSED] - Object: 'Object Repository/Page_MHK MarketProminence Sandbox/i_Contains_action-icon-is-enabled fa fa-clo_c0333a' is clicked on

2022-12-29 11:00:28 - [TEST_STEP][PASSED] - click(findTestObject("Object Repository/Page_MHK MarketProminence Sandbox/input_Contains_copyFrom-selected-col-radio-0")): Object: 'Object Repository/Page_MHK MarketProminence Sandbox/input_Contains_copyFrom-selected-col-radio-0' is clicked on

2022-12-29 11:00:30 - [MESSAGE][PASSED] - Object: 'Object Repository/Page_MHK MarketProminence Sandbox/input_Contains_copyFrom-selected-col-radio-0' is clicked on

2022-12-29 11:00:30 - [TEST_STEP][PASSED] - click(findTestObject("Object Repository/Page_MHK MarketProminence Sandbox/button_Copy")): Object: 'Object Repository/Page_MHK MarketProminence Sandbox/button_Copy' is clicked on

2022-12-29 11:00:31 - [MESSAGE][PASSED] - Object: 'Object Repository/Page_MHK MarketProminence Sandbox/button_Copy' is clicked on

2022-12-29 11:00:31 - [TEST_STEP][PASSED] - maximizeWindow(): Current window maximized

2022-12-29 11:00:32 - [MESSAGE][PASSED] - Current window maximized

2022-12-29 11:00:32 - [TEST_STEP][PASSED] - verifyElementText(findTestObject("Object Repository/Page_MHK MarketProminence Sandbox/div_Programs Copied Successfully"), "Programs Copied Successfully"): Actual text and expected text of test object 'Object Repository/Page_MHK MarketProminence Sandbox/div_Programs Copied Successfully' are matched.

2022-12-29 11:00:34 - [MESSAGE][PASSED] - Actual text and expected text of test object 'Object Repository/Page_MHK MarketProminence Sandbox/div_Programs Copied Successfully' are matched.

2022-12-29 11:00:34 - [TEST_STEP][PASSED] - click(findTestObject("Object Repository/Page_MHK MarketProminence Sandbox/span_Copy Programs - staff user_k-button-ic_e1b3d7")): Object: 'Object Repository/Page_MHK MarketProminence Sandbox/span_Copy Programs - staff user_k-button-ic_e1b3d7' is clicked on

2022-12-29 11:00:38 - [MESSAGE][PASSED] - Object: 'Object Repository/Page_MHK MarketProminence Sandbox/span_Copy Programs - staff user_k-button-ic_e1b3d7' is clicked on

2022-12-29 11:00:38 - [TEST_STEP][PASSED] - click(findTestObject("Object Repository/Page_MHK MarketProminence Sandbox/button_Add")): Object: 'Object Repository/Page_MHK MarketProminence Sandbox/button_Add' is clicked on

2022-12-29 11:00:40 - [MESSAGE][PASSED] - Object: 'Object Repository/Page_MHK MarketProminence Sandbox/button_Add' is clicked on

2022-12-29 11:00:40 - [TEST_STEP][PASSED] - setText(findTestObject("Object Repository/Page_MHK MarketProminence Sandbox/input_Primary_affiliation"), "staff user"): Text 'staff user' is set on object 'Object Repository/Page_MHK MarketProminence Sandbox/input_Primary_affiliation'

2022-12-29 11:00:47 - [MESSAGE][PASSED] - Text 'staff user' is set on object 'Object Repository/Page_MHK MarketProminence Sandbox/input_Primary_affiliation'

2022-12-29 11:00:47 - [TEST_STEP][PASSED] - setText(findTestObject("Object Repository/Page_MHK MarketProminence Sandbox/input_Secondary_affiliation"), "user3"): Text 'user3' is set on object 'Object Repository/Page_MHK MarketProminence Sandbox/input_Secondary_affiliation'

2022-12-29 11:00:49 - [MESSAGE][PASSED] - Text 'user3' is set on object 'Object Repository/Page_MHK MarketProminence Sandbox/input_Secondary_affiliation'

2022-12-29 11:00:49 - [TEST_STEP][PASSED] - click(findTestObject("Object Repository/Page_MHK MarketProminence Sandbox/input_KL0_assignedPrograms-SELECTED-row-1-col-0")): Object: 'Object Repository/Page_MHK MarketProminence Sandbox/input_KL0_assignedPrograms-SELECTED-row-1-col-0' is clicked on

2022-12-29 11:00:50 - [MESSAGE][PASSED] - Object: 'Object Repository/Page_MHK MarketProminence Sandbox/input_KL0_assignedPrograms-SELECTED-row-1-col-0' is clicked on

2022-12-29 11:00:50 - [TEST_STEP][PASSED] - click(findTestObject("Object Repository/Page_MHK MarketProminence Sandbox/input_M05_assignedPrograms-SELECTED-row-4-col-0")): Object: 'Object Repository/Page_MHK MarketProminence Sandbox/input_M05_assignedPrograms-SELECTED-row-4-col-0' is clicked on

2022-12-29 11:00:51 - [MESSAGE][PASSED] - Object: 'Object Repository/Page_MHK MarketProminence Sandbox/input_M05_assignedPrograms-SELECTED-row-4-col-0' is clicked on

2022-12-29 11:00:51 - [TEST_STEP][PASSED] - click(findTestObject("Object Repository/Page_MHK MarketProminence Sandbox/button_Save")): Object: 'Object Repository/Page_MHK MarketProminence Sandbox/button_Save' is clicked on

2022-12-29 11:00:52 - [MESSAGE][PASSED] - Object: 'Object Repository/Page_MHK MarketProminence Sandbox/button_Save' is clicked on

2022-12-29 11:00:52 - [TEST_STEP][PASSED] - click(findTestObject("Object Repository/Page_MHK MarketProminence Sandbox/applyfrom")): Object: 'Object Repository/Page_MHK MarketProminence Sandbox/applyfrom' is clicked on

2022-12-29 11:00:59 - [MESSAGE][PASSED] - Object: 'Object Repository/Page_MHK MarketProminence Sandbox/applyfrom' is clicked on

2022-12-29 11:00:59 - [TEST_STEP][PASSED] - click(findTestObject("Object Repository/Page_MHK MarketProminence Sandbox/ApplytoCheckbox1")): Object: 'Object Repository/Page_MHK MarketProminence Sandbox/ApplytoCheckbox1' is clicked on

2022-12-29 11:01:02 - [MESSAGE][PASSED] - Object: 'Object Repository/Page_MHK MarketProminence Sandbox/ApplytoCheckbox1' is clicked on

2022-12-29 11:01:02 - [TEST_STEP][PASSED] - click(findTestObject("Object Repository/Page_MHK MarketProminence Sandbox/Applytocheckbox2")): Object: 'Object Repository/Page_MHK MarketProminence Sandbox/Applytocheckbox2' is clicked on

2022-12-29 11:01:03 - [MESSAGE][PASSED] - Object: 'Object Repository/Page_MHK MarketProminence Sandbox/Applytocheckbox2' is clicked on

2022-12-29 11:01:03 - [TEST_STEP][PASSED] - click(findTestObject("Object Repository/Page_MHK MarketProminence Sandbox/Apply")): Object: 'Object Repository/Page_MHK MarketProminence Sandbox/Apply' is clicked on

2022-12-29 11:01:03 - [MESSAGE][PASSED] - Object: 'Object Repository/Page_MHK MarketProminence Sandbox/Apply' is clicked on

2022-12-29 11:01:03 - [TEST_STEP][PASSED] - click(findTestObject("Object Repository/Page_MHK MarketProminence Sandbox/closeApplypopupwindow")): Object: 'Object Repository/Page_MHK MarketProminence Sandbox/closeApplypopupwindow' is clicked on

2022-12-29 11:01:10 - [MESSAGE][PASSED] - Object: 'Object Repository/Page_MHK MarketProminence Sandbox/closeApplypopupwindow' is clicked on

2022-12-29 11:01:10 - [TEST_STEP][PASSED] - a = 1: null

2022-12-29 11:01:10 - [TEST_STEP][PASSED] - if (a == 5): null

2022-12-29 11:01:10 - [TEST_STEP][PASSED] - click(findTestObject("Object Repository/Page_MHK MarketProminence Sandbox/i_Voluntary Disenroll Reason(18)_fa fa-lg fa-table")): Object: 'Object Repository/Page_MHK MarketProminence Sandbox/i_Voluntary Disenroll Reason(18)_fa fa-lg fa-table' is clicked on

2022-12-29 11:01:12 - [MESSAGE][PASSED] - Object: 'Object Repository/Page_MHK MarketProminence Sandbox/i_Voluntary Disenroll Reason(18)_fa fa-lg fa-table' is clicked on

2022-12-29 11:01:12 - [TEST_STEP][PASSED] - click(findTestObject("Object Repository/Page_MHK MarketProminence Sandbox/span_SNP(1)_k-icon ng-tns-c68-17 k-i-expand")): Object: 'Object Repository/Page_MHK MarketProminence Sandbox/span_SNP(1)_k-icon ng-tns-c68-17 k-i-expand' is clicked on

2022-12-29 11:01:14 - [MESSAGE][PASSED] - Object: 'Object Repository/Page_MHK MarketProminence Sandbox/span_SNP(1)_k-icon ng-tns-c68-17 k-i-expand' is clicked on

2022-12-29 11:01:14 - [TEST_STEP][PASSED] - click(findTestObject("Object Repository/Page_MHK MarketProminence Sandbox/i_Contains_action-icon-is-enabled fa fa-fw _a6b016")): Object: 'Object Repository/Page_MHK MarketProminence Sandbox/i_Contains_action-icon-is-enabled fa fa-fw _a6b016' is clicked on

2022-12-29 11:01:15 - [MESSAGE][PASSED] - Object: 'Object Repository/Page_MHK MarketProminence Sandbox/i_Contains_action-icon-is-enabled fa fa-fw _a6b016' is clicked on

2022-12-29 11:01:15 - [TEST_STEP][PASSED] - getText(findTestObject("Object Repository/Page_MHK MarketProminence Sandbox/span_user2")): Text of object 'Object Repository/Page_MHK MarketProminence Sandbox/span_user2' is: 'user1'

2022-12-29 11:01:18 - [MESSAGE][PASSED] - Text of object 'Object Repository/Page_MHK MarketProminence Sandbox/span_user2' is: 'user1'

2022-12-29 11:01:18 - [TEST_STEP][PASSED] - click(findTestObject("Object Repository/Page_MHK MarketProminence Sandbox/i_Voluntary Disenroll Reason(18)_fa fa-lg f_9fce55")): Object: 'Object Repository/Page_MHK MarketProminence Sandbox/i_Voluntary Disenroll Reason(18)_fa fa-lg f_9fce55' is clicked on

2022-12-29 11:01:19 - [MESSAGE][PASSED] - Object: 'Object Repository/Page_MHK MarketProminence Sandbox/i_Voluntary Disenroll Reason(18)_fa fa-lg f_9fce55' is clicked on

2022-12-29 11:01:19 - [TEST_STEP][FAILED] - verifyElementText(findTestObject("Object Repository/Page_MHK MarketProminence Sandbox/span_Record  1"), "Record : 1"): Actual text 'Records : 2' and expected text 'Record : 1' of test object 'Object Repository/Page_MHK MarketProminence Sandbox/span_Record  1' are NOT matched. (Root cause: com.kms.katalon.core.exception.StepFailedException: Actual text 'Records : 2' and expected text 'Record : 1' of test object 'Object Repository/Page_MHK MarketProminence Sandbox/span_Record  1' are NOT matched.
	at com.kms.katalon.core.webui.keyword.internal.WebUIKeywordMain.stepFailed(WebUIKeywordMain.groovy:64)
	at com.kms.katalon.core.webui.keyword.builtin.VerifyElementTextKeyword$_verifyElementText_closure1.doCall(VerifyElementTextKeyword.groovy:57)
	at com.kms.katalon.core.webui.keyword.builtin.VerifyElementTextKeyword$_verifyElementText_closure1.call(VerifyElementTextKeyword.groovy)
	at com.kms.katalon.core.webui.keyword.internal.WebUIKeywordMain.runKeyword(WebUIKeywordMain.groovy:20)
	at com.kms.katalon.core.webui.keyword.builtin.VerifyElementTextKeyword.verifyElementText(VerifyElementTextKeyword.groovy:72)
	at com.kms.katalon.core.webui.keyword.builtin.VerifyElementTextKeyword.execute(VerifyElementTextKeyword.groovy:40)
	at com.kms.katalon.core.keyword.internal.KeywordExecutor.executeKeywordForPlatform(KeywordExecutor.groovy:74)
	at com.kms.katalon.core.webui.keyword.WebUiBuiltInKeywords.verifyElementText(WebUiBuiltInKeywords.groovy:4749)
	at com.kms.katalon.core.webui.keyword.WebUiBuiltInKeywords$verifyElementText$6.call(Unknown Source)
	at Add_Affiliation.run(Add_Affiliation:194)
	at com.kms.katalon.core.main.ScriptEngine.run(ScriptEngine.java:194)
	at com.kms.katalon.core.main.ScriptEngine.runScriptAsRawText(ScriptEngine.java:119)
	at com.kms.katalon.core.main.TestCaseExecutor.runScript(TestCaseExecutor.java:448)
	at com.kms.katalon.core.main.TestCaseExecutor.doExecute(TestCaseExecutor.java:439)
	at com.kms.katalon.core.main.TestCaseExecutor.processExecutionPhase(TestCaseExecutor.java:418)
	at com.kms.katalon.core.main.TestCaseExecutor.accessMainPhase(TestCaseExecutor.java:410)
	at com.kms.katalon.core.main.TestCaseExecutor.execute(TestCaseExecutor.java:285)
	at com.kms.katalon.core.common.CommonExecutor.accessTestCaseMainPhase(CommonExecutor.java:65)
	at com.kms.katalon.core.main.TestSuiteExecutor.accessTestSuiteMainPhase(TestSuiteExecutor.java:151)
	at com.kms.katalon.core.main.TestSuiteExecutor.execute(TestSuiteExecutor.java:106)
	at com.kms.katalon.core.main.TestCaseMain.startTestSuite(TestCaseMain.java:185)
	at com.kms.katalon.core.main.TestCaseMain$startTestSuite$0.call(Unknown Source)
	at TempTestSuite1672291697359.run(TempTestSuite1672291697359.groovy:36)
)

2022-12-29 11:01:21 - [MESSAGE][FAILED] - Actual text 'Records : 2' and expected text 'Record : 1' of test object 'Object Repository/Page_MHK MarketProminence Sandbox/span_Record  1' are NOT matched. (Root cause: com.kms.katalon.core.exception.StepFailedException: Actual text 'Records : 2' and expected text 'Record : 1' of test object 'Object Repository/Page_MHK MarketProminence Sandbox/span_Record  1' are NOT matched.
	at com.kms.katalon.core.webui.keyword.internal.WebUIKeywordMain.stepFailed(WebUIKeywordMain.groovy:64)
	at com.kms.katalon.core.webui.keyword.builtin.VerifyElementTextKeyword$_verifyElementText_closure1.doCall(VerifyElementTextKeyword.groovy:57)
	at com.kms.katalon.core.webui.keyword.builtin.VerifyElementTextKeyword$_verifyElementText_closure1.call(VerifyElementTextKeyword.groovy)
	at com.kms.katalon.core.webui.keyword.internal.WebUIKeywordMain.runKeyword(WebUIKeywordMain.groovy:20)
	at com.kms.katalon.core.webui.keyword.builtin.VerifyElementTextKeyword.verifyElementText(VerifyElementTextKeyword.groovy:72)
	at com.kms.katalon.core.webui.keyword.builtin.VerifyElementTextKeyword.execute(VerifyElementTextKeyword.groovy:40)
	at com.kms.katalon.core.keyword.internal.KeywordExecutor.executeKeywordForPlatform(KeywordExecutor.groovy:74)
	at com.kms.katalon.core.webui.keyword.WebUiBuiltInKeywords.verifyElementText(WebUiBuiltInKeywords.groovy:4749)
	at com.kms.katalon.core.webui.keyword.WebUiBuiltInKeywords$verifyElementText$6.call(Unknown Source)
	at Add_Affiliation.run(Add_Affiliation:194)
	at com.kms.katalon.core.main.ScriptEngine.run(ScriptEngine.java:194)
	at com.kms.katalon.core.main.ScriptEngine.runScriptAsRawText(ScriptEngine.java:119)
	at com.kms.katalon.core.main.TestCaseExecutor.runScript(TestCaseExecutor.java:448)
	at com.kms.katalon.core.main.TestCaseExecutor.doExecute(TestCaseExecutor.java:439)
	at com.kms.katalon.core.main.TestCaseExecutor.processExecutionPhase(TestCaseExecutor.java:418)
	at com.kms.katalon.core.main.TestCaseExecutor.accessMainPhase(TestCaseExecutor.java:410)
	at com.kms.katalon.core.main.TestCaseExecutor.execute(TestCaseExecutor.java:285)
	at com.kms.katalon.core.common.CommonExecutor.accessTestCaseMainPhase(CommonExecutor.java:65)
	at com.kms.katalon.core.main.TestSuiteExecutor.accessTestSuiteMainPhase(TestSuiteExecutor.java:151)
	at com.kms.katalon.core.main.TestSuiteExecutor.execute(TestSuiteExecutor.java:106)
	at com.kms.katalon.core.main.TestCaseMain.startTestSuite(TestCaseMain.java:185)
	at com.kms.katalon.core.main.TestCaseMain$startTestSuite$0.call(Unknown Source)
	at TempTestSuite1672291697359.run(TempTestSuite1672291697359.groovy:36)
)
[[ATTACHMENT|C:\\Users\\sunil.patel\\Katalon Studio\\Sample - Web API Tests\\Reports\\20221229_105817\\MpwebSuite1\\20221229_105817\\1672291881099.png]]

2022-12-29 11:01:21 - [TEST_STEP][PASSED] - click(findTestObject("Object Repository/Page_MHK MarketProminence Sandbox/i_Voluntary Disenroll Reason(18)_fa fa-lg f_5f7ad2")): Object: 'Object Repository/Page_MHK MarketProminence Sandbox/i_Voluntary Disenroll Reason(18)_fa fa-lg f_5f7ad2' is clicked on

2022-12-29 11:01:22 - [MESSAGE][PASSED] - Object: 'Object Repository/Page_MHK MarketProminence Sandbox/i_Voluntary Disenroll Reason(18)_fa fa-lg f_5f7ad2' is clicked on

2022-12-29 11:01:22 - [TEST_STEP][FAILED] - verifyElementText(findTestObject("Object Repository/Page_MHK MarketProminence Sandbox/span_Records  2"), "Records : 2"): Actual text 'Records : 4' and expected text 'Records : 2' of test object 'Object Repository/Page_MHK MarketProminence Sandbox/span_Records  2' are NOT matched. (Root cause: com.kms.katalon.core.exception.StepFailedException: Actual text 'Records : 4' and expected text 'Records : 2' of test object 'Object Repository/Page_MHK MarketProminence Sandbox/span_Records  2' are NOT matched.
	at com.kms.katalon.core.webui.keyword.internal.WebUIKeywordMain.stepFailed(WebUIKeywordMain.groovy:64)
	at com.kms.katalon.core.webui.keyword.builtin.VerifyElementTextKeyword$_verifyElementText_closure1.doCall(VerifyElementTextKeyword.groovy:57)
	at com.kms.katalon.core.webui.keyword.builtin.VerifyElementTextKeyword$_verifyElementText_closure1.call(VerifyElementTextKeyword.groovy)
	at com.kms.katalon.core.webui.keyword.internal.WebUIKeywordMain.runKeyword(WebUIKeywordMain.groovy:20)
	at com.kms.katalon.core.webui.keyword.builtin.VerifyElementTextKeyword.verifyElementText(VerifyElementTextKeyword.groovy:72)
	at com.kms.katalon.core.webui.keyword.builtin.VerifyElementTextKeyword.execute(VerifyElementTextKeyword.groovy:40)
	at com.kms.katalon.core.keyword.internal.KeywordExecutor.executeKeywordForPlatform(KeywordExecutor.groovy:74)
	at com.kms.katalon.core.webui.keyword.WebUiBuiltInKeywords.verifyElementText(WebUiBuiltInKeywords.groovy:4749)
	at com.kms.katalon.core.webui.keyword.WebUiBuiltInKeywords$verifyElementText$6.call(Unknown Source)
	at Add_Affiliation.run(Add_Affiliation:198)
	at com.kms.katalon.core.main.ScriptEngine.run(ScriptEngine.java:194)
	at com.kms.katalon.core.main.ScriptEngine.runScriptAsRawText(ScriptEngine.java:119)
	at com.kms.katalon.core.main.TestCaseExecutor.runScript(TestCaseExecutor.java:448)
	at com.kms.katalon.core.main.TestCaseExecutor.doExecute(TestCaseExecutor.java:439)
	at com.kms.katalon.core.main.TestCaseExecutor.processExecutionPhase(TestCaseExecutor.java:418)
	at com.kms.katalon.core.main.TestCaseExecutor.accessMainPhase(TestCaseExecutor.java:410)
	at com.kms.katalon.core.main.TestCaseExecutor.execute(TestCaseExecutor.java:285)
	at com.kms.katalon.core.common.CommonExecutor.accessTestCaseMainPhase(CommonExecutor.java:65)
	at com.kms.katalon.core.main.TestSuiteExecutor.accessTestSuiteMainPhase(TestSuiteExecutor.java:151)
	at com.kms.katalon.core.main.TestSuiteExecutor.execute(TestSuiteExecutor.java:106)
	at com.kms.katalon.core.main.TestCaseMain.startTestSuite(TestCaseMain.java:185)
	at com.kms.katalon.core.main.TestCaseMain$startTestSuite$0.call(Unknown Source)
	at TempTestSuite1672291697359.run(TempTestSuite1672291697359.groovy:36)
)

2022-12-29 11:01:24 - [MESSAGE][FAILED] - Actual text 'Records : 4' and expected text 'Records : 2' of test object 'Object Repository/Page_MHK MarketProminence Sandbox/span_Records  2' are NOT matched. (Root cause: com.kms.katalon.core.exception.StepFailedException: Actual text 'Records : 4' and expected text 'Records : 2' of test object 'Object Repository/Page_MHK MarketProminence Sandbox/span_Records  2' are NOT matched.
	at com.kms.katalon.core.webui.keyword.internal.WebUIKeywordMain.stepFailed(WebUIKeywordMain.groovy:64)
	at com.kms.katalon.core.webui.keyword.builtin.VerifyElementTextKeyword$_verifyElementText_closure1.doCall(VerifyElementTextKeyword.groovy:57)
	at com.kms.katalon.core.webui.keyword.builtin.VerifyElementTextKeyword$_verifyElementText_closure1.call(VerifyElementTextKeyword.groovy)
	at com.kms.katalon.core.webui.keyword.internal.WebUIKeywordMain.runKeyword(WebUIKeywordMain.groovy:20)
	at com.kms.katalon.core.webui.keyword.builtin.VerifyElementTextKeyword.verifyElementText(VerifyElementTextKeyword.groovy:72)
	at com.kms.katalon.core.webui.keyword.builtin.VerifyElementTextKeyword.execute(VerifyElementTextKeyword.groovy:40)
	at com.kms.katalon.core.keyword.internal.KeywordExecutor.executeKeywordForPlatform(KeywordExecutor.groovy:74)
	at com.kms.katalon.core.webui.keyword.WebUiBuiltInKeywords.verifyElementText(WebUiBuiltInKeywords.groovy:4749)
	at com.kms.katalon.core.webui.keyword.WebUiBuiltInKeywords$verifyElementText$6.call(Unknown Source)
	at Add_Affiliation.run(Add_Affiliation:198)
	at com.kms.katalon.core.main.ScriptEngine.run(ScriptEngine.java:194)
	at com.kms.katalon.core.main.ScriptEngine.runScriptAsRawText(ScriptEngine.java:119)
	at com.kms.katalon.core.main.TestCaseExecutor.runScript(TestCaseExecutor.java:448)
	at com.kms.katalon.core.main.TestCaseExecutor.doExecute(TestCaseExecutor.java:439)
	at com.kms.katalon.core.main.TestCaseExecutor.processExecutionPhase(TestCaseExecutor.java:418)
	at com.kms.katalon.core.main.TestCaseExecutor.accessMainPhase(TestCaseExecutor.java:410)
	at com.kms.katalon.core.main.TestCaseExecutor.execute(TestCaseExecutor.java:285)
	at com.kms.katalon.core.common.CommonExecutor.accessTestCaseMainPhase(CommonExecutor.java:65)
	at com.kms.katalon.core.main.TestSuiteExecutor.accessTestSuiteMainPhase(TestSuiteExecutor.java:151)
	at com.kms.katalon.core.main.TestSuiteExecutor.execute(TestSuiteExecutor.java:106)
	at com.kms.katalon.core.main.TestCaseMain.startTestSuite(TestCaseMain.java:185)
	at com.kms.katalon.core.main.TestCaseMain$startTestSuite$0.call(Unknown Source)
	at TempTestSuite1672291697359.run(TempTestSuite1672291697359.groovy:36)
)
[[ATTACHMENT|C:\\Users\\sunil.patel\\Katalon Studio\\Sample - Web API Tests\\Reports\\20221229_105817\\MpwebSuite1\\20221229_105817\\1672291884189.png]]

2022-12-29 11:01:24 - [TEST_STEP][PASSED] - click(findTestObject("Object Repository/Page_MHK MarketProminence Sandbox/i_Voluntary Disenroll Reason(18)_fa fa-lg fa-table")): Object: 'Object Repository/Page_MHK MarketProminence Sandbox/i_Voluntary Disenroll Reason(18)_fa fa-lg fa-table' is clicked on

2022-12-29 11:01:25 - [MESSAGE][PASSED] - Object: 'Object Repository/Page_MHK MarketProminence Sandbox/i_Voluntary Disenroll Reason(18)_fa fa-lg fa-table' is clicked on

2022-12-29 11:01:25 - [TEST_STEP][FAILED] - verifyElementText(findTestObject("Object Repository/Page_MHK MarketProminence Sandbox/span_Records  3"), "Records : 3"): Actual text 'Records : 6' and expected text 'Records : 3' of test object 'Object Repository/Page_MHK MarketProminence Sandbox/span_Records  3' are NOT matched. (Root cause: com.kms.katalon.core.exception.StepFailedException: Actual text 'Records : 6' and expected text 'Records : 3' of test object 'Object Repository/Page_MHK MarketProminence Sandbox/span_Records  3' are NOT matched.
	at com.kms.katalon.core.webui.keyword.internal.WebUIKeywordMain.stepFailed(WebUIKeywordMain.groovy:64)
	at com.kms.katalon.core.webui.keyword.builtin.VerifyElementTextKeyword$_verifyElementText_closure1.doCall(VerifyElementTextKeyword.groovy:57)
	at com.kms.katalon.core.webui.keyword.builtin.VerifyElementTextKeyword$_verifyElementText_closure1.call(VerifyElementTextKeyword.groovy)
	at com.kms.katalon.core.webui.keyword.internal.WebUIKeywordMain.runKeyword(WebUIKeywordMain.groovy:20)
	at com.kms.katalon.core.webui.keyword.builtin.VerifyElementTextKeyword.verifyElementText(VerifyElementTextKeyword.groovy:72)
	at com.kms.katalon.core.webui.keyword.builtin.VerifyElementTextKeyword.execute(VerifyElementTextKeyword.groovy:40)
	at com.kms.katalon.core.keyword.internal.KeywordExecutor.executeKeywordForPlatform(KeywordExecutor.groovy:74)
	at com.kms.katalon.core.webui.keyword.WebUiBuiltInKeywords.verifyElementText(WebUiBuiltInKeywords.groovy:4749)
	at com.kms.katalon.core.webui.keyword.WebUiBuiltInKeywords$verifyElementText$6.call(Unknown Source)
	at Add_Affiliation.run(Add_Affiliation:202)
	at com.kms.katalon.core.main.ScriptEngine.run(ScriptEngine.java:194)
	at com.kms.katalon.core.main.ScriptEngine.runScriptAsRawText(ScriptEngine.java:119)
	at com.kms.katalon.core.main.TestCaseExecutor.runScript(TestCaseExecutor.java:448)
	at com.kms.katalon.core.main.TestCaseExecutor.doExecute(TestCaseExecutor.java:439)
	at com.kms.katalon.core.main.TestCaseExecutor.processExecutionPhase(TestCaseExecutor.java:418)
	at com.kms.katalon.core.main.TestCaseExecutor.accessMainPhase(TestCaseExecutor.java:410)
	at com.kms.katalon.core.main.TestCaseExecutor.execute(TestCaseExecutor.java:285)
	at com.kms.katalon.core.common.CommonExecutor.accessTestCaseMainPhase(CommonExecutor.java:65)
	at com.kms.katalon.core.main.TestSuiteExecutor.accessTestSuiteMainPhase(TestSuiteExecutor.java:151)
	at com.kms.katalon.core.main.TestSuiteExecutor.execute(TestSuiteExecutor.java:106)
	at com.kms.katalon.core.main.TestCaseMain.startTestSuite(TestCaseMain.java:185)
	at com.kms.katalon.core.main.TestCaseMain$startTestSuite$0.call(Unknown Source)
	at TempTestSuite1672291697359.run(TempTestSuite1672291697359.groovy:36)
)

2022-12-29 11:01:27 - [MESSAGE][FAILED] - Actual text 'Records : 6' and expected text 'Records : 3' of test object 'Object Repository/Page_MHK MarketProminence Sandbox/span_Records  3' are NOT matched. (Root cause: com.kms.katalon.core.exception.StepFailedException: Actual text 'Records : 6' and expected text 'Records : 3' of test object 'Object Repository/Page_MHK MarketProminence Sandbox/span_Records  3' are NOT matched.
	at com.kms.katalon.core.webui.keyword.internal.WebUIKeywordMain.stepFailed(WebUIKeywordMain.groovy:64)
	at com.kms.katalon.core.webui.keyword.builtin.VerifyElementTextKeyword$_verifyElementText_closure1.doCall(VerifyElementTextKeyword.groovy:57)
	at com.kms.katalon.core.webui.keyword.builtin.VerifyElementTextKeyword$_verifyElementText_closure1.call(VerifyElementTextKeyword.groovy)
	at com.kms.katalon.core.webui.keyword.internal.WebUIKeywordMain.runKeyword(WebUIKeywordMain.groovy:20)
	at com.kms.katalon.core.webui.keyword.builtin.VerifyElementTextKeyword.verifyElementText(VerifyElementTextKeyword.groovy:72)
	at com.kms.katalon.core.webui.keyword.builtin.VerifyElementTextKeyword.execute(VerifyElementTextKeyword.groovy:40)
	at com.kms.katalon.core.keyword.internal.KeywordExecutor.executeKeywordForPlatform(KeywordExecutor.groovy:74)
	at com.kms.katalon.core.webui.keyword.WebUiBuiltInKeywords.verifyElementText(WebUiBuiltInKeywords.groovy:4749)
	at com.kms.katalon.core.webui.keyword.WebUiBuiltInKeywords$verifyElementText$6.call(Unknown Source)
	at Add_Affiliation.run(Add_Affiliation:202)
	at com.kms.katalon.core.main.ScriptEngine.run(ScriptEngine.java:194)
	at com.kms.katalon.core.main.ScriptEngine.runScriptAsRawText(ScriptEngine.java:119)
	at com.kms.katalon.core.main.TestCaseExecutor.runScript(TestCaseExecutor.java:448)
	at com.kms.katalon.core.main.TestCaseExecutor.doExecute(TestCaseExecutor.java:439)
	at com.kms.katalon.core.main.TestCaseExecutor.processExecutionPhase(TestCaseExecutor.java:418)
	at com.kms.katalon.core.main.TestCaseExecutor.accessMainPhase(TestCaseExecutor.java:410)
	at com.kms.katalon.core.main.TestCaseExecutor.execute(TestCaseExecutor.java:285)
	at com.kms.katalon.core.common.CommonExecutor.accessTestCaseMainPhase(CommonExecutor.java:65)
	at com.kms.katalon.core.main.TestSuiteExecutor.accessTestSuiteMainPhase(TestSuiteExecutor.java:151)
	at com.kms.katalon.core.main.TestSuiteExecutor.execute(TestSuiteExecutor.java:106)
	at com.kms.katalon.core.main.TestCaseMain.startTestSuite(TestCaseMain.java:185)
	at com.kms.katalon.core.main.TestCaseMain$startTestSuite$0.call(Unknown Source)
	at TempTestSuite1672291697359.run(TempTestSuite1672291697359.groovy:36)
)
[[ATTACHMENT|C:\\Users\\sunil.patel\\Katalon Studio\\Sample - Web API Tests\\Reports\\20221229_105817\\MpwebSuite1\\20221229_105817\\1672291887480.png]]

2022-12-29 11:01:27 - [TEST_STEP][PASSED] - mouseOver(findTestObject("Object Repository/Page_MHK MarketProminence Sandbox/span_Assigned Programs_k-icon k-i-file-exce_807b9d")): Object: 'Object Repository/Page_MHK MarketProminence Sandbox/span_Assigned Programs_k-icon k-i-file-exce_807b9d' is hovered

2022-12-29 11:01:29 - [MESSAGE][PASSED] - Object: 'Object Repository/Page_MHK MarketProminence Sandbox/span_Assigned Programs_k-icon k-i-file-exce_807b9d' is hovered

2022-12-29 11:01:29 - [TEST_STEP][PASSED] - mouseOver(findTestObject("Object Repository/Page_MHK MarketProminence Sandbox/span_Assigned Programs_k-icon k-i-file-pdf _669663")): Object: 'Object Repository/Page_MHK MarketProminence Sandbox/span_Assigned Programs_k-icon k-i-file-pdf _669663' is hovered

2022-12-29 11:01:30 - [MESSAGE][PASSED] - Object: 'Object Repository/Page_MHK MarketProminence Sandbox/span_Assigned Programs_k-icon k-i-file-pdf _669663' is hovered

2022-12-29 11:01:30 - [TEST_STEP][NOT_RUN] - verifyElementText(findTestObject("Object Repository/Page_MHK MarketProminence Sandbox/span_Records  31"), "Records : 31"): NOT_RUN: verifyElementText(findTestObject("Object Repository/Page_MHK MarketProminence Sandbox/span_Records  31"), "Records : 31")

2022-12-29 11:01:30 - [MESSAGE][NOT_RUN] - NOT_RUN: verifyElementText(findTestObject("Object Repository/Page_MHK MarketProminence Sandbox/span_Records  31"), "Records : 31")

2022-12-29 11:01:30 - [TEST_STEP][PASSED] - click(findTestObject("Object Repository/Page_MHK MarketProminence Sandbox/i_Assigned Programs_fa fa-lg fa-table")): Object: 'Object Repository/Page_MHK MarketProminence Sandbox/i_Assigned Programs_fa fa-lg fa-table' is clicked on

2022-12-29 11:01:31 - [MESSAGE][PASSED] - Object: 'Object Repository/Page_MHK MarketProminence Sandbox/i_Assigned Programs_fa fa-lg fa-table' is clicked on

2022-12-29 11:01:31 - [TEST_STEP][PASSED] - click(findTestObject("Object Repository/Page_MHK MarketProminence Sandbox/i_Assigned Programs_fa fa-check-square fa-lg")): Object: 'Object Repository/Page_MHK MarketProminence Sandbox/i_Assigned Programs_fa fa-check-square fa-lg' is clicked on

2022-12-29 11:01:32 - [MESSAGE][PASSED] - Object: 'Object Repository/Page_MHK MarketProminence Sandbox/i_Assigned Programs_fa fa-check-square fa-lg' is clicked on

2022-12-29 11:01:32 - [TEST_STEP][PASSED] - getText(findTestObject("Object Repository/Page_MHK MarketProminence Sandbox/input_Contains_assignedPrograms-SELECTED-ro_1fd6e7")): Text of object 'Object Repository/Page_MHK MarketProminence Sandbox/input_Contains_assignedPrograms-SELECTED-ro_1fd6e7' is: ''

2022-12-29 11:01:33 - [MESSAGE][PASSED] - Text of object 'Object Repository/Page_MHK MarketProminence Sandbox/input_Contains_assignedPrograms-SELECTED-ro_1fd6e7' is: ''

2022-12-29 11:01:33 - [TEST_STEP][FAILED] - getText(findTestObject("Object Repository/Page_MHK MarketProminence Sandbox/input_KL0_assignedPrograms-SELECTED-row-1-col-0")): Unable to get text of object 'Object Repository/Page_MHK MarketProminence Sandbox/input_KL0_assignedPrograms-SELECTED-row-1-col-0' (Root cause: com.kms.katalon.core.exception.StepFailedException: Unable to get text of object 'Object Repository/Page_MHK MarketProminence Sandbox/input_KL0_assignedPrograms-SELECTED-row-1-col-0'
	at com.kms.katalon.core.webui.keyword.internal.WebUIKeywordMain.stepFailed(WebUIKeywordMain.groovy:64)
	at com.kms.katalon.core.webui.keyword.internal.WebUIKeywordMain.runKeyword(WebUIKeywordMain.groovy:26)
	at com.kms.katalon.core.webui.keyword.builtin.GetTextKeyword.getText(GetTextKeyword.groovy:88)
	at com.kms.katalon.core.webui.keyword.builtin.GetTextKeyword.execute(GetTextKeyword.groovy:67)
	at com.kms.katalon.core.keyword.internal.KeywordExecutor.executeKeywordForPlatform(KeywordExecutor.groovy:74)
	at com.kms.katalon.core.webui.keyword.WebUiBuiltInKeywords.getText(WebUiBuiltInKeywords.groovy:918)
	at com.kms.katalon.core.webui.keyword.WebUiBuiltInKeywords$getText$7.call(Unknown Source)
	at Add_Affiliation.run(Add_Affiliation:217)
	at com.kms.katalon.core.main.ScriptEngine.run(ScriptEngine.java:194)
	at com.kms.katalon.core.main.ScriptEngine.runScriptAsRawText(ScriptEngine.java:119)
	at com.kms.katalon.core.main.TestCaseExecutor.runScript(TestCaseExecutor.java:448)
	at com.kms.katalon.core.main.TestCaseExecutor.doExecute(TestCaseExecutor.java:439)
	at com.kms.katalon.core.main.TestCaseExecutor.processExecutionPhase(TestCaseExecutor.java:418)
	at com.kms.katalon.core.main.TestCaseExecutor.accessMainPhase(TestCaseExecutor.java:410)
	at com.kms.katalon.core.main.TestCaseExecutor.execute(TestCaseExecutor.java:285)
	at com.kms.katalon.core.common.CommonExecutor.accessTestCaseMainPhase(CommonExecutor.java:65)
	at com.kms.katalon.core.main.TestSuiteExecutor.accessTestSuiteMainPhase(TestSuiteExecutor.java:151)
	at com.kms.katalon.core.main.TestSuiteExecutor.execute(TestSuiteExecutor.java:106)
	at com.kms.katalon.core.main.TestCaseMain.startTestSuite(TestCaseMain.java:185)
	at com.kms.katalon.core.main.TestCaseMain$startTestSuite$0.call(Unknown Source)
	at TempTestSuite1672291697359.run(TempTestSuite1672291697359.groovy:36)
Caused by: com.kms.katalon.core.webui.exception.WebElementNotFoundException: Web element with id: 'Object Repository/Page_MHK MarketProminence Sandbox/input_KL0_assignedPrograms-SELECTED-row-1-col-0' located by '(//input[@id='mpweb-setup-setupaffiliation-full-editable-grid-assignedprograms-selected'])[2]' not found
	at com.kms.katalon.core.webui.common.WebUiCommonHelper.findWebElement(WebUiCommonHelper.java:1370)
	at com.kms.katalon.core.webui.keyword.internal.WebUIAbstractKeyword.findWebElement(WebUIAbstractKeyword.groovy:27)
	at com.kms.katalon.core.webui.keyword.internal.WebUIAbstractKeyword.findWebElement(WebUIAbstractKeyword.groovy:26)
	at com.kms.katalon.core.webui.keyword.builtin.GetTextKeyword$_getText_closure1.doCall(GetTextKeyword.groovy:78)
	at com.kms.katalon.core.webui.keyword.builtin.GetTextKeyword$_getText_closure1.call(GetTextKeyword.groovy)
	at com.kms.katalon.core.webui.keyword.internal.WebUIKeywordMain.runKeyword(WebUIKeywordMain.groovy:20)
	at com.kms.katalon.core.webui.keyword.builtin.GetTextKeyword.getText(GetTextKeyword.groovy:88)
	at com.kms.katalon.core.webui.keyword.builtin.GetTextKeyword.execute(GetTextKeyword.groovy:67)
	at com.kms.katalon.core.keyword.internal.KeywordExecutor.executeKeywordForPlatform(KeywordExecutor.groovy:74)
	at com.kms.katalon.core.webui.keyword.WebUiBuiltInKeywords.getText(WebUiBuiltInKeywords.groovy:918)
	at com.kms.katalon.core.webui.keyword.WebUiBuiltInKeywords$getText$7.call(Unknown Source)
	at Script1672135421671.run(Script1672135421671.groovy:217)
	... 13 more
)

2022-12-29 11:03:14 - [MESSAGE][INFO] - Unable to find the element located by 'By.xpath: (//input[@id='mpweb-setup-setupaffiliation-full-editable-grid-assignedprograms-selected'])[2]'. Please recheck the objects properties to make sure the desired element is located. 

2022-12-29 11:03:14 - [MESSAGE][WARNING] - [SELF-HEALING] Failed to find element with id 'Object Repository/Page_MHK MarketProminence Sandbox/input_KL0_assignedPrograms-SELECTED-row-1-col-0'. Try using Self-healing.

2022-12-29 11:03:15 - [MESSAGE][INFO] - [SELF-HEALING] Failed Locator: '(//input[@id='mpweb-setup-setupaffiliation-full-editable-grid-assignedprograms-selected'])[2]'.

2022-12-29 11:03:15 - [MESSAGE][INFO] - [SELF-HEALING] Failed Locator: '//kendo-grid[@id='mpweb-setup-setupaffiliation-full-editable-grid-assignedprograms-grid']/div/kendo-grid-list/div/div/table/tbody/tr[2]/td/input'.

2022-12-29 11:03:15 - [MESSAGE][INFO] - [SELF-HEALING] Failed Locator: '//tr[2]/td/input'.

2022-12-29 11:03:16 - [MESSAGE][INFO] - [SELF-HEALING] Failed Locator: '//input[@type = 'checkbox' and @id = 'mpweb-setup-setupaffiliation-full-editable-grid-assignedprograms-selected' and @name = 'assignedPrograms-SELECTED-row-1-col-0']'.

2022-12-29 11:03:17 - [MESSAGE][INFO] - Unable to find the element located by 'By.xpath: //*[@type = 'checkbox' and @id = 'mpweb-setup-setupaffiliation-full-editable-grid-assignedprograms-selected' and @name = 'assignedPrograms-SELECTED-row-1-col-0']'. Please recheck the objects properties to make sure the desired element is located. 

2022-12-29 11:03:18 - [MESSAGE][INFO] - Unable to find the element located by 'By.cssSelector: tr.k-alt.ng-star-inserted > td.k-touch-action-auto.cursor-default.text-center.NO-boolean.ng-star-inserted > #mpweb-setup-setupaffiliation-full-editable-grid-assignedprograms-selected'. Please recheck the objects properties to make sure the desired element is located. 

2022-12-29 11:03:19 - [MESSAGE][FAILED] - Unable to get text of object 'Object Repository/Page_MHK MarketProminence Sandbox/input_KL0_assignedPrograms-SELECTED-row-1-col-0' (Root cause: com.kms.katalon.core.exception.StepFailedException: Unable to get text of object 'Object Repository/Page_MHK MarketProminence Sandbox/input_KL0_assignedPrograms-SELECTED-row-1-col-0'
	at com.kms.katalon.core.webui.keyword.internal.WebUIKeywordMain.stepFailed(WebUIKeywordMain.groovy:64)
	at com.kms.katalon.core.webui.keyword.internal.WebUIKeywordMain.runKeyword(WebUIKeywordMain.groovy:26)
	at com.kms.katalon.core.webui.keyword.builtin.GetTextKeyword.getText(GetTextKeyword.groovy:88)
	at com.kms.katalon.core.webui.keyword.builtin.GetTextKeyword.execute(GetTextKeyword.groovy:67)
	at com.kms.katalon.core.keyword.internal.KeywordExecutor.executeKeywordForPlatform(KeywordExecutor.groovy:74)
	at com.kms.katalon.core.webui.keyword.WebUiBuiltInKeywords.getText(WebUiBuiltInKeywords.groovy:918)
	at com.kms.katalon.core.webui.keyword.WebUiBuiltInKeywords$getText$7.call(Unknown Source)
	at Add_Affiliation.run(Add_Affiliation:217)
	at com.kms.katalon.core.main.ScriptEngine.run(ScriptEngine.java:194)
	at com.kms.katalon.core.main.ScriptEngine.runScriptAsRawText(ScriptEngine.java:119)
	at com.kms.katalon.core.main.TestCaseExecutor.runScript(TestCaseExecutor.java:448)
	at com.kms.katalon.core.main.TestCaseExecutor.doExecute(TestCaseExecutor.java:439)
	at com.kms.katalon.core.main.TestCaseExecutor.processExecutionPhase(TestCaseExecutor.java:418)
	at com.kms.katalon.core.main.TestCaseExecutor.accessMainPhase(TestCaseExecutor.java:410)
	at com.kms.katalon.core.main.TestCaseExecutor.execute(TestCaseExecutor.java:285)
	at com.kms.katalon.core.common.CommonExecutor.accessTestCaseMainPhase(CommonExecutor.java:65)
	at com.kms.katalon.core.main.TestSuiteExecutor.accessTestSuiteMainPhase(TestSuiteExecutor.java:151)
	at com.kms.katalon.core.main.TestSuiteExecutor.execute(TestSuiteExecutor.java:106)
	at com.kms.katalon.core.main.TestCaseMain.startTestSuite(TestCaseMain.java:185)
	at com.kms.katalon.core.main.TestCaseMain$startTestSuite$0.call(Unknown Source)
	at TempTestSuite1672291697359.run(TempTestSuite1672291697359.groovy:36)
Caused by: com.kms.katalon.core.webui.exception.WebElementNotFoundException: Web element with id: 'Object Repository/Page_MHK MarketProminence Sandbox/input_KL0_assignedPrograms-SELECTED-row-1-col-0' located by '(//input[@id='mpweb-setup-setupaffiliation-full-editable-grid-assignedprograms-selected'])[2]' not found
	at com.kms.katalon.core.webui.common.WebUiCommonHelper.findWebElement(WebUiCommonHelper.java:1370)
	at com.kms.katalon.core.webui.keyword.internal.WebUIAbstractKeyword.findWebElement(WebUIAbstractKeyword.groovy:27)
	at com.kms.katalon.core.webui.keyword.internal.WebUIAbstractKeyword.findWebElement(WebUIAbstractKeyword.groovy:26)
	at com.kms.katalon.core.webui.keyword.builtin.GetTextKeyword$_getText_closure1.doCall(GetTextKeyword.groovy:78)
	at com.kms.katalon.core.webui.keyword.builtin.GetTextKeyword$_getText_closure1.call(GetTextKeyword.groovy)
	at com.kms.katalon.core.webui.keyword.internal.WebUIKeywordMain.runKeyword(WebUIKeywordMain.groovy:20)
	at com.kms.katalon.core.webui.keyword.builtin.GetTextKeyword.getText(GetTextKeyword.groovy:88)
	at com.kms.katalon.core.webui.keyword.builtin.GetTextKeyword.execute(GetTextKeyword.groovy:67)
	at com.kms.katalon.core.keyword.internal.KeywordExecutor.executeKeywordForPlatform(KeywordExecutor.groovy:74)
	at com.kms.katalon.core.webui.keyword.WebUiBuiltInKeywords.getText(WebUiBuiltInKeywords.groovy:918)
	at com.kms.katalon.core.webui.keyword.WebUiBuiltInKeywords$getText$7.call(Unknown Source)
	at Script1672135421671.run(Script1672135421671.groovy:217)
	... 13 more
)
[[ATTACHMENT|C:\\Users\\sunil.patel\\Katalon Studio\\Sample - Web API Tests\\Reports\\20221229_105817\\MpwebSuite1\\20221229_105817\\1672291998937.png]]

2022-12-29 11:03:19 - [TEST_STEP][PASSED] - click(findTestObject("Object Repository/Page_MHK MarketProminence Sandbox/i_Assigned Programs_fa fa-lg fa-square-o")): Object: 'Object Repository/Page_MHK MarketProminence Sandbox/i_Assigned Programs_fa fa-lg fa-square-o' is clicked on

2022-12-29 11:03:20 - [MESSAGE][PASSED] - Object: 'Object Repository/Page_MHK MarketProminence Sandbox/i_Assigned Programs_fa fa-lg fa-square-o' is clicked on

2022-12-29 11:03:20 - [TEST_STEP][PASSED] - click(findTestObject("Object Repository/Page_MHK MarketProminence Sandbox/i_Assigned Programs_fa fa-check-square fa-lg")): Object: 'Object Repository/Page_MHK MarketProminence Sandbox/i_Assigned Programs_fa fa-check-square fa-lg' is clicked on

2022-12-29 11:03:27 - [MESSAGE][PASSED] - Object: 'Object Repository/Page_MHK MarketProminence Sandbox/i_Assigned Programs_fa fa-check-square fa-lg' is clicked on

2022-12-29 11:03:27 - [TEST_STEP][PASSED] - click(findTestObject("Object Repository/Page_MHK MarketProminence Sandbox/i_Assigned Programs_fa fa-lg fa-square-o")): Object: 'Object Repository/Page_MHK MarketProminence Sandbox/i_Assigned Programs_fa fa-lg fa-square-o' is clicked on

2022-12-29 11:03:28 - [MESSAGE][PASSED] - Object: 'Object Repository/Page_MHK MarketProminence Sandbox/i_Assigned Programs_fa fa-lg fa-square-o' is clicked on

2022-12-29 11:03:28 - [TEST_STEP][FAILED] - click(findTestObject("Object Repository/Page_MHK MarketProminence Sandbox/i_Contains_action-icon-is-enabled fa fa-fw _582439")): Unable to click on object 'Object Repository/Page_MHK MarketProminence Sandbox/i_Contains_action-icon-is-enabled fa fa-fw _582439' (Root cause: com.kms.katalon.core.exception.StepFailedException: Unable to click on object 'Object Repository/Page_MHK MarketProminence Sandbox/i_Contains_action-icon-is-enabled fa fa-fw _582439'
	at com.kms.katalon.core.webui.keyword.internal.WebUIKeywordMain.stepFailed(WebUIKeywordMain.groovy:64)
	at com.kms.katalon.core.webui.keyword.internal.WebUIKeywordMain.runKeyword(WebUIKeywordMain.groovy:26)
	at com.kms.katalon.core.webui.keyword.builtin.ClickKeyword.click(ClickKeyword.groovy:74)
	at com.kms.katalon.core.webui.keyword.builtin.ClickKeyword.execute(ClickKeyword.groovy:40)
	at com.kms.katalon.core.keyword.internal.KeywordExecutor.executeKeywordForPlatform(KeywordExecutor.groovy:74)
	at com.kms.katalon.core.webui.keyword.WebUiBuiltInKeywords.click(WebUiBuiltInKeywords.groovy:620)
	at com.kms.katalon.core.webui.keyword.WebUiBuiltInKeywords$click$3.call(Unknown Source)
	at Add_Affiliation.run(Add_Affiliation:225)
	at com.kms.katalon.core.main.ScriptEngine.run(ScriptEngine.java:194)
	at com.kms.katalon.core.main.ScriptEngine.runScriptAsRawText(ScriptEngine.java:119)
	at com.kms.katalon.core.main.TestCaseExecutor.runScript(TestCaseExecutor.java:448)
	at com.kms.katalon.core.main.TestCaseExecutor.doExecute(TestCaseExecutor.java:439)
	at com.kms.katalon.core.main.TestCaseExecutor.processExecutionPhase(TestCaseExecutor.java:418)
	at com.kms.katalon.core.main.TestCaseExecutor.accessMainPhase(TestCaseExecutor.java:410)
	at com.kms.katalon.core.main.TestCaseExecutor.execute(TestCaseExecutor.java:285)
	at com.kms.katalon.core.common.CommonExecutor.accessTestCaseMainPhase(CommonExecutor.java:65)
	at com.kms.katalon.core.main.TestSuiteExecutor.accessTestSuiteMainPhase(TestSuiteExecutor.java:151)
	at com.kms.katalon.core.main.TestSuiteExecutor.execute(TestSuiteExecutor.java:106)
	at com.kms.katalon.core.main.TestCaseMain.startTestSuite(TestCaseMain.java:185)
	at com.kms.katalon.core.main.TestCaseMain$startTestSuite$0.call(Unknown Source)
	at TempTestSuite1672291697359.run(TempTestSuite1672291697359.groovy:36)
Caused by: org.openqa.selenium.ElementNotInteractableException: element not interactable
  (Session info: chrome=108.0.5359.125)
Build info: version: '3.141.59', revision: 'e82be7d358', time: '2018-11-14T08:25:53'
System info: host: 'PS-LP-NOI-10126', ip: '192.168.225.80', os.name: 'Windows 10', os.arch: 'amd64', os.version: '10.0', java.version: '1.8.0_282'
Driver info: com.kms.katalon.selenium.driver.CChromeDriver
Capabilities {acceptInsecureCerts: false, browserName: chrome, browserVersion: 108.0.5359.125, chrome: {chromedriverVersion: 107.0.5304.62 (1eec40d3a576..., userDataDir: C:\Users\SUNIL~1.PAT\AppDat...}, goog:chromeOptions: {debuggerAddress: localhost:52382}, javascriptEnabled: true, networkConnectionEnabled: false, pageLoadStrategy: normal, platform: WINDOWS, platformName: WINDOWS, proxy: Proxy(), setWindowRect: true, strictFileInteractability: false, timeouts: {implicit: 0, pageLoad: 300000, script: 30000}, unhandledPromptBehavior: dismiss and notify, webauthn:extension:credBlob: true, webauthn:extension:largeBlob: true, webauthn:virtualAuthenticators: true}
Session ID: 7537d0be48be948a199ca4eedddf79f4
	at org.openqa.selenium.remote.http.W3CHttpResponseCodec.createException(W3CHttpResponseCodec.java:187)
	at org.openqa.selenium.remote.http.W3CHttpResponseCodec.decode(W3CHttpResponseCodec.java:122)
	at org.openqa.selenium.remote.http.W3CHttpResponseCodec.decode(W3CHttpResponseCodec.java:49)
	at org.openqa.selenium.remote.HttpCommandExecutor.execute(HttpCommandExecutor.java:158)
	at org.openqa.selenium.remote.service.DriverCommandExecutor.execute(DriverCommandExecutor.java:83)
	at org.openqa.selenium.remote.RemoteWebDriver.execute(RemoteWebDriver.java:552)
	at com.kms.katalon.selenium.driver.CChromeDriver.execute(CChromeDriver.java:19)
	at org.openqa.selenium.remote.RemoteWebElement.execute(RemoteWebElement.java:285)
	at org.openqa.selenium.remote.RemoteWebElement.click(RemoteWebElement.java:84)
	at org.openqa.selenium.support.events.EventFiringWebDriver$EventFiringWebElement.lambda$new$0(EventFiringWebDriver.java:404)
	at com.sun.proxy.$Proxy12.click(Unknown Source)
	at org.openqa.selenium.support.events.EventFiringWebDriver$EventFiringWebElement.click(EventFiringWebDriver.java:417)
	at org.openqa.selenium.WebElement$click.call(Unknown Source)
	at com.kms.katalon.core.webui.keyword.builtin.ClickKeyword.clickUntilSuccessWithTimeout(ClickKeyword.groovy:81)
	at com.kms.katalon.core.webui.keyword.builtin.ClickKeyword.clickUntilSuccessWithTimeout(ClickKeyword.groovy)
	at com.kms.katalon.core.webui.keyword.builtin.ClickKeyword$_click_closure1.doCall(ClickKeyword.groovy:67)
	at com.kms.katalon.core.webui.keyword.builtin.ClickKeyword$_click_closure1.call(ClickKeyword.groovy)
	at com.kms.katalon.core.webui.keyword.internal.WebUIKeywordMain.runKeyword(WebUIKeywordMain.groovy:20)
	at com.kms.katalon.core.webui.keyword.builtin.ClickKeyword.click(ClickKeyword.groovy:74)
	at com.kms.katalon.core.webui.keyword.builtin.ClickKeyword.execute(ClickKeyword.groovy:40)
	at com.kms.katalon.core.keyword.internal.KeywordExecutor.executeKeywordForPlatform(KeywordExecutor.groovy:74)
	at com.kms.katalon.core.webui.keyword.WebUiBuiltInKeywords.click(WebUiBuiltInKeywords.groovy:620)
	at com.kms.katalon.core.webui.keyword.WebUiBuiltInKeywords$click$3.call(Unknown Source)
	at Script1672135421671.run(Script1672135421671.groovy:225)
	... 13 more
)

2022-12-29 11:03:29 - [MESSAGE][FAILED] - Unable to click on object 'Object Repository/Page_MHK MarketProminence Sandbox/i_Contains_action-icon-is-enabled fa fa-fw _582439' (Root cause: com.kms.katalon.core.exception.StepFailedException: Unable to click on object 'Object Repository/Page_MHK MarketProminence Sandbox/i_Contains_action-icon-is-enabled fa fa-fw _582439'
	at com.kms.katalon.core.webui.keyword.internal.WebUIKeywordMain.stepFailed(WebUIKeywordMain.groovy:64)
	at com.kms.katalon.core.webui.keyword.internal.WebUIKeywordMain.runKeyword(WebUIKeywordMain.groovy:26)
	at com.kms.katalon.core.webui.keyword.builtin.ClickKeyword.click(ClickKeyword.groovy:74)
	at com.kms.katalon.core.webui.keyword.builtin.ClickKeyword.execute(ClickKeyword.groovy:40)
	at com.kms.katalon.core.keyword.internal.KeywordExecutor.executeKeywordForPlatform(KeywordExecutor.groovy:74)
	at com.kms.katalon.core.webui.keyword.WebUiBuiltInKeywords.click(WebUiBuiltInKeywords.groovy:620)
	at com.kms.katalon.core.webui.keyword.WebUiBuiltInKeywords$click$3.call(Unknown Source)
	at Add_Affiliation.run(Add_Affiliation:225)
	at com.kms.katalon.core.main.ScriptEngine.run(ScriptEngine.java:194)
	at com.kms.katalon.core.main.ScriptEngine.runScriptAsRawText(ScriptEngine.java:119)
	at com.kms.katalon.core.main.TestCaseExecutor.runScript(TestCaseExecutor.java:448)
	at com.kms.katalon.core.main.TestCaseExecutor.doExecute(TestCaseExecutor.java:439)
	at com.kms.katalon.core.main.TestCaseExecutor.processExecutionPhase(TestCaseExecutor.java:418)
	at com.kms.katalon.core.main.TestCaseExecutor.accessMainPhase(TestCaseExecutor.java:410)
	at com.kms.katalon.core.main.TestCaseExecutor.execute(TestCaseExecutor.java:285)
	at com.kms.katalon.core.common.CommonExecutor.accessTestCaseMainPhase(CommonExecutor.java:65)
	at com.kms.katalon.core.main.TestSuiteExecutor.accessTestSuiteMainPhase(TestSuiteExecutor.java:151)
	at com.kms.katalon.core.main.TestSuiteExecutor.execute(TestSuiteExecutor.java:106)
	at com.kms.katalon.core.main.TestCaseMain.startTestSuite(TestCaseMain.java:185)
	at com.kms.katalon.core.main.TestCaseMain$startTestSuite$0.call(Unknown Source)
	at TempTestSuite1672291697359.run(TempTestSuite1672291697359.groovy:36)
Caused by: org.openqa.selenium.ElementNotInteractableException: element not interactable
  (Session info: chrome=108.0.5359.125)
Build info: version: '3.141.59', revision: 'e82be7d358', time: '2018-11-14T08:25:53'
System info: host: 'PS-LP-NOI-10126', ip: '192.168.225.80', os.name: 'Windows 10', os.arch: 'amd64', os.version: '10.0', java.version: '1.8.0_282'
Driver info: com.kms.katalon.selenium.driver.CChromeDriver
Capabilities {acceptInsecureCerts: false, browserName: chrome, browserVersion: 108.0.5359.125, chrome: {chromedriverVersion: 107.0.5304.62 (1eec40d3a576..., userDataDir: C:\Users\SUNIL~1.PAT\AppDat...}, goog:chromeOptions: {debuggerAddress: localhost:52382}, javascriptEnabled: true, networkConnectionEnabled: false, pageLoadStrategy: normal, platform: WINDOWS, platformName: WINDOWS, proxy: Proxy(), setWindowRect: true, strictFileInteractability: false, timeouts: {implicit: 0, pageLoad: 300000, script: 30000}, unhandledPromptBehavior: dismiss and notify, webauthn:extension:credBlob: true, webauthn:extension:largeBlob: true, webauthn:virtualAuthenticators: true}
Session ID: 7537d0be48be948a199ca4eedddf79f4
	at org.openqa.selenium.remote.http.W3CHttpResponseCodec.createException(W3CHttpResponseCodec.java:187)
	at org.openqa.selenium.remote.http.W3CHttpResponseCodec.decode(W3CHttpResponseCodec.java:122)
	at org.openqa.selenium.remote.http.W3CHttpResponseCodec.decode(W3CHttpResponseCodec.java:49)
	at org.openqa.selenium.remote.HttpCommandExecutor.execute(HttpCommandExecutor.java:158)
	at org.openqa.selenium.remote.service.DriverCommandExecutor.execute(DriverCommandExecutor.java:83)
	at org.openqa.selenium.remote.RemoteWebDriver.execute(RemoteWebDriver.java:552)
	at com.kms.katalon.selenium.driver.CChromeDriver.execute(CChromeDriver.java:19)
	at org.openqa.selenium.remote.RemoteWebElement.execute(RemoteWebElement.java:285)
	at org.openqa.selenium.remote.RemoteWebElement.click(RemoteWebElement.java:84)
	at org.openqa.selenium.support.events.EventFiringWebDriver$EventFiringWebElement.lambda$new$0(EventFiringWebDriver.java:404)
	at com.sun.proxy.$Proxy12.click(Unknown Source)
	at org.openqa.selenium.support.events.EventFiringWebDriver$EventFiringWebElement.click(EventFiringWebDriver.java:417)
	at org.openqa.selenium.WebElement$click.call(Unknown Source)
	at com.kms.katalon.core.webui.keyword.builtin.ClickKeyword.clickUntilSuccessWithTimeout(ClickKeyword.groovy:81)
	at com.kms.katalon.core.webui.keyword.builtin.ClickKeyword.clickUntilSuccessWithTimeout(ClickKeyword.groovy)
	at com.kms.katalon.core.webui.keyword.builtin.ClickKeyword$_click_closure1.doCall(ClickKeyword.groovy:67)
	at com.kms.katalon.core.webui.keyword.builtin.ClickKeyword$_click_closure1.call(ClickKeyword.groovy)
	at com.kms.katalon.core.webui.keyword.internal.WebUIKeywordMain.runKeyword(WebUIKeywordMain.groovy:20)
	at com.kms.katalon.core.webui.keyword.builtin.ClickKeyword.click(ClickKeyword.groovy:74)
	at com.kms.katalon.core.webui.keyword.builtin.ClickKeyword.execute(ClickKeyword.groovy:40)
	at com.kms.katalon.core.keyword.internal.KeywordExecutor.executeKeywordForPlatform(KeywordExecutor.groovy:74)
	at com.kms.katalon.core.webui.keyword.WebUiBuiltInKeywords.click(WebUiBuiltInKeywords.groovy:620)
	at com.kms.katalon.core.webui.keyword.WebUiBuiltInKeywords$click$3.call(Unknown Source)
	at Script1672135421671.run(Script1672135421671.groovy:225)
	... 13 more
)
[[ATTACHMENT|C:\\Users\\sunil.patel\\Katalon Studio\\Sample - Web API Tests\\Reports\\20221229_105817\\MpwebSuite1\\20221229_105817\\1672292008993.png]]

2022-12-29 11:03:29 - [TEST_STEP][FAILED] - verifyElementText(findTestObject("Object Repository/Page_MHK MarketProminence Sandbox/span_Records  3"), "Records : 3"): Actual text 'Records : 6' and expected text 'Records : 3' of test object 'Object Repository/Page_MHK MarketProminence Sandbox/span_Records  3' are NOT matched. (Root cause: com.kms.katalon.core.exception.StepFailedException: Actual text 'Records : 6' and expected text 'Records : 3' of test object 'Object Repository/Page_MHK MarketProminence Sandbox/span_Records  3' are NOT matched.
	at com.kms.katalon.core.webui.keyword.internal.WebUIKeywordMain.stepFailed(WebUIKeywordMain.groovy:64)
	at com.kms.katalon.core.webui.keyword.builtin.VerifyElementTextKeyword$_verifyElementText_closure1.doCall(VerifyElementTextKeyword.groovy:57)
	at com.kms.katalon.core.webui.keyword.builtin.VerifyElementTextKeyword$_verifyElementText_closure1.call(VerifyElementTextKeyword.groovy)
	at com.kms.katalon.core.webui.keyword.internal.WebUIKeywordMain.runKeyword(WebUIKeywordMain.groovy:20)
	at com.kms.katalon.core.webui.keyword.builtin.VerifyElementTextKeyword.verifyElementText(VerifyElementTextKeyword.groovy:72)
	at com.kms.katalon.core.webui.keyword.builtin.VerifyElementTextKeyword.execute(VerifyElementTextKeyword.groovy:40)
	at com.kms.katalon.core.keyword.internal.KeywordExecutor.executeKeywordForPlatform(KeywordExecutor.groovy:74)
	at com.kms.katalon.core.webui.keyword.WebUiBuiltInKeywords.verifyElementText(WebUiBuiltInKeywords.groovy:4749)
	at com.kms.katalon.core.webui.keyword.WebUiBuiltInKeywords$verifyElementText$6.call(Unknown Source)
	at Add_Affiliation.run(Add_Affiliation:227)
	at com.kms.katalon.core.main.ScriptEngine.run(ScriptEngine.java:194)
	at com.kms.katalon.core.main.ScriptEngine.runScriptAsRawText(ScriptEngine.java:119)
	at com.kms.katalon.core.main.TestCaseExecutor.runScript(TestCaseExecutor.java:448)
	at com.kms.katalon.core.main.TestCaseExecutor.doExecute(TestCaseExecutor.java:439)
	at com.kms.katalon.core.main.TestCaseExecutor.processExecutionPhase(TestCaseExecutor.java:418)
	at com.kms.katalon.core.main.TestCaseExecutor.accessMainPhase(TestCaseExecutor.java:410)
	at com.kms.katalon.core.main.TestCaseExecutor.execute(TestCaseExecutor.java:285)
	at com.kms.katalon.core.common.CommonExecutor.accessTestCaseMainPhase(CommonExecutor.java:65)
	at com.kms.katalon.core.main.TestSuiteExecutor.accessTestSuiteMainPhase(TestSuiteExecutor.java:151)
	at com.kms.katalon.core.main.TestSuiteExecutor.execute(TestSuiteExecutor.java:106)
	at com.kms.katalon.core.main.TestCaseMain.startTestSuite(TestCaseMain.java:185)
	at com.kms.katalon.core.main.TestCaseMain$startTestSuite$0.call(Unknown Source)
	at TempTestSuite1672291697359.run(TempTestSuite1672291697359.groovy:36)
)

2022-12-29 11:03:30 - [MESSAGE][FAILED] - Actual text 'Records : 6' and expected text 'Records : 3' of test object 'Object Repository/Page_MHK MarketProminence Sandbox/span_Records  3' are NOT matched. (Root cause: com.kms.katalon.core.exception.StepFailedException: Actual text 'Records : 6' and expected text 'Records : 3' of test object 'Object Repository/Page_MHK MarketProminence Sandbox/span_Records  3' are NOT matched.
	at com.kms.katalon.core.webui.keyword.internal.WebUIKeywordMain.stepFailed(WebUIKeywordMain.groovy:64)
	at com.kms.katalon.core.webui.keyword.builtin.VerifyElementTextKeyword$_verifyElementText_closure1.doCall(VerifyElementTextKeyword.groovy:57)
	at com.kms.katalon.core.webui.keyword.builtin.VerifyElementTextKeyword$_verifyElementText_closure1.call(VerifyElementTextKeyword.groovy)
	at com.kms.katalon.core.webui.keyword.internal.WebUIKeywordMain.runKeyword(WebUIKeywordMain.groovy:20)
	at com.kms.katalon.core.webui.keyword.builtin.VerifyElementTextKeyword.verifyElementText(VerifyElementTextKeyword.groovy:72)
	at com.kms.katalon.core.webui.keyword.builtin.VerifyElementTextKeyword.execute(VerifyElementTextKeyword.groovy:40)
	at com.kms.katalon.core.keyword.internal.KeywordExecutor.executeKeywordForPlatform(KeywordExecutor.groovy:74)
	at com.kms.katalon.core.webui.keyword.WebUiBuiltInKeywords.verifyElementText(WebUiBuiltInKeywords.groovy:4749)
	at com.kms.katalon.core.webui.keyword.WebUiBuiltInKeywords$verifyElementText$6.call(Unknown Source)
	at Add_Affiliation.run(Add_Affiliation:227)
	at com.kms.katalon.core.main.ScriptEngine.run(ScriptEngine.java:194)
	at com.kms.katalon.core.main.ScriptEngine.runScriptAsRawText(ScriptEngine.java:119)
	at com.kms.katalon.core.main.TestCaseExecutor.runScript(TestCaseExecutor.java:448)
	at com.kms.katalon.core.main.TestCaseExecutor.doExecute(TestCaseExecutor.java:439)
	at com.kms.katalon.core.main.TestCaseExecutor.processExecutionPhase(TestCaseExecutor.java:418)
	at com.kms.katalon.core.main.TestCaseExecutor.accessMainPhase(TestCaseExecutor.java:410)
	at com.kms.katalon.core.main.TestCaseExecutor.execute(TestCaseExecutor.java:285)
	at com.kms.katalon.core.common.CommonExecutor.accessTestCaseMainPhase(CommonExecutor.java:65)
	at com.kms.katalon.core.main.TestSuiteExecutor.accessTestSuiteMainPhase(TestSuiteExecutor.java:151)
	at com.kms.katalon.core.main.TestSuiteExecutor.execute(TestSuiteExecutor.java:106)
	at com.kms.katalon.core.main.TestCaseMain.startTestSuite(TestCaseMain.java:185)
	at com.kms.katalon.core.main.TestCaseMain$startTestSuite$0.call(Unknown Source)
	at TempTestSuite1672291697359.run(TempTestSuite1672291697359.groovy:36)
)
[[ATTACHMENT|C:\\Users\\sunil.patel\\Katalon Studio\\Sample - Web API Tests\\Reports\\20221229_105817\\MpwebSuite1\\20221229_105817\\1672292010105.png]]

2022-12-29 11:03:30 - [TEST_STEP][FAILED] - click(findTestObject("Object Repository/Page_MHK MarketProminence Sandbox/i_Contains_action-icon-is-enabled fa fa-fw _8e0d62")): Unable to click on object 'Object Repository/Page_MHK MarketProminence Sandbox/i_Contains_action-icon-is-enabled fa fa-fw _8e0d62' (Root cause: com.kms.katalon.core.exception.StepFailedException: Unable to click on object 'Object Repository/Page_MHK MarketProminence Sandbox/i_Contains_action-icon-is-enabled fa fa-fw _8e0d62'
	at com.kms.katalon.core.webui.keyword.internal.WebUIKeywordMain.stepFailed(WebUIKeywordMain.groovy:64)
	at com.kms.katalon.core.webui.keyword.internal.WebUIKeywordMain.runKeyword(WebUIKeywordMain.groovy:26)
	at com.kms.katalon.core.webui.keyword.builtin.ClickKeyword.click(ClickKeyword.groovy:74)
	at com.kms.katalon.core.webui.keyword.builtin.ClickKeyword.execute(ClickKeyword.groovy:40)
	at com.kms.katalon.core.keyword.internal.KeywordExecutor.executeKeywordForPlatform(KeywordExecutor.groovy:74)
	at com.kms.katalon.core.webui.keyword.WebUiBuiltInKeywords.click(WebUiBuiltInKeywords.groovy:620)
	at com.kms.katalon.core.webui.keyword.WebUiBuiltInKeywords$click$3.call(Unknown Source)
	at Add_Affiliation.run(Add_Affiliation:229)
	at com.kms.katalon.core.main.ScriptEngine.run(ScriptEngine.java:194)
	at com.kms.katalon.core.main.ScriptEngine.runScriptAsRawText(ScriptEngine.java:119)
	at com.kms.katalon.core.main.TestCaseExecutor.runScript(TestCaseExecutor.java:448)
	at com.kms.katalon.core.main.TestCaseExecutor.doExecute(TestCaseExecutor.java:439)
	at com.kms.katalon.core.main.TestCaseExecutor.processExecutionPhase(TestCaseExecutor.java:418)
	at com.kms.katalon.core.main.TestCaseExecutor.accessMainPhase(TestCaseExecutor.java:410)
	at com.kms.katalon.core.main.TestCaseExecutor.execute(TestCaseExecutor.java:285)
	at com.kms.katalon.core.common.CommonExecutor.accessTestCaseMainPhase(CommonExecutor.java:65)
	at com.kms.katalon.core.main.TestSuiteExecutor.accessTestSuiteMainPhase(TestSuiteExecutor.java:151)
	at com.kms.katalon.core.main.TestSuiteExecutor.execute(TestSuiteExecutor.java:106)
	at com.kms.katalon.core.main.TestCaseMain.startTestSuite(TestCaseMain.java:185)
	at com.kms.katalon.core.main.TestCaseMain$startTestSuite$0.call(Unknown Source)
	at TempTestSuite1672291697359.run(TempTestSuite1672291697359.groovy:36)
Caused by: org.openqa.selenium.ElementNotInteractableException: element not interactable
  (Session info: chrome=108.0.5359.125)
Build info: version: '3.141.59', revision: 'e82be7d358', time: '2018-11-14T08:25:53'
System info: host: 'PS-LP-NOI-10126', ip: '192.168.225.80', os.name: 'Windows 10', os.arch: 'amd64', os.version: '10.0', java.version: '1.8.0_282'
Driver info: com.kms.katalon.selenium.driver.CChromeDriver
Capabilities {acceptInsecureCerts: false, browserName: chrome, browserVersion: 108.0.5359.125, chrome: {chromedriverVersion: 107.0.5304.62 (1eec40d3a576..., userDataDir: C:\Users\SUNIL~1.PAT\AppDat...}, goog:chromeOptions: {debuggerAddress: localhost:52382}, javascriptEnabled: true, networkConnectionEnabled: false, pageLoadStrategy: normal, platform: WINDOWS, platformName: WINDOWS, proxy: Proxy(), setWindowRect: true, strictFileInteractability: false, timeouts: {implicit: 0, pageLoad: 300000, script: 30000}, unhandledPromptBehavior: dismiss and notify, webauthn:extension:credBlob: true, webauthn:extension:largeBlob: true, webauthn:virtualAuthenticators: true}
Session ID: 7537d0be48be948a199ca4eedddf79f4
	at org.openqa.selenium.remote.http.W3CHttpResponseCodec.createException(W3CHttpResponseCodec.java:187)
	at org.openqa.selenium.remote.http.W3CHttpResponseCodec.decode(W3CHttpResponseCodec.java:122)
	at org.openqa.selenium.remote.http.W3CHttpResponseCodec.decode(W3CHttpResponseCodec.java:49)
	at org.openqa.selenium.remote.HttpCommandExecutor.execute(HttpCommandExecutor.java:158)
	at org.openqa.selenium.remote.service.DriverCommandExecutor.execute(DriverCommandExecutor.java:83)
	at org.openqa.selenium.remote.RemoteWebDriver.execute(RemoteWebDriver.java:552)
	at com.kms.katalon.selenium.driver.CChromeDriver.execute(CChromeDriver.java:19)
	at org.openqa.selenium.remote.RemoteWebElement.execute(RemoteWebElement.java:285)
	at org.openqa.selenium.remote.RemoteWebElement.click(RemoteWebElement.java:84)
	at org.openqa.selenium.support.events.EventFiringWebDriver$EventFiringWebElement.lambda$new$0(EventFiringWebDriver.java:404)
	at com.sun.proxy.$Proxy12.click(Unknown Source)
	at org.openqa.selenium.support.events.EventFiringWebDriver$EventFiringWebElement.click(EventFiringWebDriver.java:417)
	at org.openqa.selenium.WebElement$click.call(Unknown Source)
	at com.kms.katalon.core.webui.keyword.builtin.ClickKeyword.clickUntilSuccessWithTimeout(ClickKeyword.groovy:81)
	at com.kms.katalon.core.webui.keyword.builtin.ClickKeyword.clickUntilSuccessWithTimeout(ClickKeyword.groovy)
	at com.kms.katalon.core.webui.keyword.builtin.ClickKeyword$_click_closure1.doCall(ClickKeyword.groovy:67)
	at com.kms.katalon.core.webui.keyword.builtin.ClickKeyword$_click_closure1.call(ClickKeyword.groovy)
	at com.kms.katalon.core.webui.keyword.internal.WebUIKeywordMain.runKeyword(WebUIKeywordMain.groovy:20)
	at com.kms.katalon.core.webui.keyword.builtin.ClickKeyword.click(ClickKeyword.groovy:74)
	at com.kms.katalon.core.webui.keyword.builtin.ClickKeyword.execute(ClickKeyword.groovy:40)
	at com.kms.katalon.core.keyword.internal.KeywordExecutor.executeKeywordForPlatform(KeywordExecutor.groovy:74)
	at com.kms.katalon.core.webui.keyword.WebUiBuiltInKeywords.click(WebUiBuiltInKeywords.groovy:620)
	at com.kms.katalon.core.webui.keyword.WebUiBuiltInKeywords$click$3.call(Unknown Source)
	at Script1672135421671.run(Script1672135421671.groovy:229)
	... 13 more
)

2022-12-29 11:03:31 - [MESSAGE][FAILED] - Unable to click on object 'Object Repository/Page_MHK MarketProminence Sandbox/i_Contains_action-icon-is-enabled fa fa-fw _8e0d62' (Root cause: com.kms.katalon.core.exception.StepFailedException: Unable to click on object 'Object Repository/Page_MHK MarketProminence Sandbox/i_Contains_action-icon-is-enabled fa fa-fw _8e0d62'
	at com.kms.katalon.core.webui.keyword.internal.WebUIKeywordMain.stepFailed(WebUIKeywordMain.groovy:64)
	at com.kms.katalon.core.webui.keyword.internal.WebUIKeywordMain.runKeyword(WebUIKeywordMain.groovy:26)
	at com.kms.katalon.core.webui.keyword.builtin.ClickKeyword.click(ClickKeyword.groovy:74)
	at com.kms.katalon.core.webui.keyword.builtin.ClickKeyword.execute(ClickKeyword.groovy:40)
	at com.kms.katalon.core.keyword.internal.KeywordExecutor.executeKeywordForPlatform(KeywordExecutor.groovy:74)
	at com.kms.katalon.core.webui.keyword.WebUiBuiltInKeywords.click(WebUiBuiltInKeywords.groovy:620)
	at com.kms.katalon.core.webui.keyword.WebUiBuiltInKeywords$click$3.call(Unknown Source)
	at Add_Affiliation.run(Add_Affiliation:229)
	at com.kms.katalon.core.main.ScriptEngine.run(ScriptEngine.java:194)
	at com.kms.katalon.core.main.ScriptEngine.runScriptAsRawText(ScriptEngine.java:119)
	at com.kms.katalon.core.main.TestCaseExecutor.runScript(TestCaseExecutor.java:448)
	at com.kms.katalon.core.main.TestCaseExecutor.doExecute(TestCaseExecutor.java:439)
	at com.kms.katalon.core.main.TestCaseExecutor.processExecutionPhase(TestCaseExecutor.java:418)
	at com.kms.katalon.core.main.TestCaseExecutor.accessMainPhase(TestCaseExecutor.java:410)
	at com.kms.katalon.core.main.TestCaseExecutor.execute(TestCaseExecutor.java:285)
	at com.kms.katalon.core.common.CommonExecutor.accessTestCaseMainPhase(CommonExecutor.java:65)
	at com.kms.katalon.core.main.TestSuiteExecutor.accessTestSuiteMainPhase(TestSuiteExecutor.java:151)
	at com.kms.katalon.core.main.TestSuiteExecutor.execute(TestSuiteExecutor.java:106)
	at com.kms.katalon.core.main.TestCaseMain.startTestSuite(TestCaseMain.java:185)
	at com.kms.katalon.core.main.TestCaseMain$startTestSuite$0.call(Unknown Source)
	at TempTestSuite1672291697359.run(TempTestSuite1672291697359.groovy:36)
Caused by: org.openqa.selenium.ElementNotInteractableException: element not interactable
  (Session info: chrome=108.0.5359.125)
Build info: version: '3.141.59', revision: 'e82be7d358', time: '2018-11-14T08:25:53'
System info: host: 'PS-LP-NOI-10126', ip: '192.168.225.80', os.name: 'Windows 10', os.arch: 'amd64', os.version: '10.0', java.version: '1.8.0_282'
Driver info: com.kms.katalon.selenium.driver.CChromeDriver
Capabilities {acceptInsecureCerts: false, browserName: chrome, browserVersion: 108.0.5359.125, chrome: {chromedriverVersion: 107.0.5304.62 (1eec40d3a576..., userDataDir: C:\Users\SUNIL~1.PAT\AppDat...}, goog:chromeOptions: {debuggerAddress: localhost:52382}, javascriptEnabled: true, networkConnectionEnabled: false, pageLoadStrategy: normal, platform: WINDOWS, platformName: WINDOWS, proxy: Proxy(), setWindowRect: true, strictFileInteractability: false, timeouts: {implicit: 0, pageLoad: 300000, script: 30000}, unhandledPromptBehavior: dismiss and notify, webauthn:extension:credBlob: true, webauthn:extension:largeBlob: true, webauthn:virtualAuthenticators: true}
Session ID: 7537d0be48be948a199ca4eedddf79f4
	at org.openqa.selenium.remote.http.W3CHttpResponseCodec.createException(W3CHttpResponseCodec.java:187)
	at org.openqa.selenium.remote.http.W3CHttpResponseCodec.decode(W3CHttpResponseCodec.java:122)
	at org.openqa.selenium.remote.http.W3CHttpResponseCodec.decode(W3CHttpResponseCodec.java:49)
	at org.openqa.selenium.remote.HttpCommandExecutor.execute(HttpCommandExecutor.java:158)
	at org.openqa.selenium.remote.service.DriverCommandExecutor.execute(DriverCommandExecutor.java:83)
	at org.openqa.selenium.remote.RemoteWebDriver.execute(RemoteWebDriver.java:552)
	at com.kms.katalon.selenium.driver.CChromeDriver.execute(CChromeDriver.java:19)
	at org.openqa.selenium.remote.RemoteWebElement.execute(RemoteWebElement.java:285)
	at org.openqa.selenium.remote.RemoteWebElement.click(RemoteWebElement.java:84)
	at org.openqa.selenium.support.events.EventFiringWebDriver$EventFiringWebElement.lambda$new$0(EventFiringWebDriver.java:404)
	at com.sun.proxy.$Proxy12.click(Unknown Source)
	at org.openqa.selenium.support.events.EventFiringWebDriver$EventFiringWebElement.click(EventFiringWebDriver.java:417)
	at org.openqa.selenium.WebElement$click.call(Unknown Source)
	at com.kms.katalon.core.webui.keyword.builtin.ClickKeyword.clickUntilSuccessWithTimeout(ClickKeyword.groovy:81)
	at com.kms.katalon.core.webui.keyword.builtin.ClickKeyword.clickUntilSuccessWithTimeout(ClickKeyword.groovy)
	at com.kms.katalon.core.webui.keyword.builtin.ClickKeyword$_click_closure1.doCall(ClickKeyword.groovy:67)
	at com.kms.katalon.core.webui.keyword.builtin.ClickKeyword$_click_closure1.call(ClickKeyword.groovy)
	at com.kms.katalon.core.webui.keyword.internal.WebUIKeywordMain.runKeyword(WebUIKeywordMain.groovy:20)
	at com.kms.katalon.core.webui.keyword.builtin.ClickKeyword.click(ClickKeyword.groovy:74)
	at com.kms.katalon.core.webui.keyword.builtin.ClickKeyword.execute(ClickKeyword.groovy:40)
	at com.kms.katalon.core.keyword.internal.KeywordExecutor.executeKeywordForPlatform(KeywordExecutor.groovy:74)
	at com.kms.katalon.core.webui.keyword.WebUiBuiltInKeywords.click(WebUiBuiltInKeywords.groovy:620)
	at com.kms.katalon.core.webui.keyword.WebUiBuiltInKeywords$click$3.call(Unknown Source)
	at Script1672135421671.run(Script1672135421671.groovy:229)
	... 13 more
)
[[ATTACHMENT|C:\\Users\\sunil.patel\\Katalon Studio\\Sample - Web API Tests\\Reports\\20221229_105817\\MpwebSuite1\\20221229_105817\\1672292011148.png]]

2022-12-29 11:03:31 - [TEST_STEP][PASSED] - click(findTestObject("Object Repository/Page_MHK MarketProminence Sandbox/button_Yes")): Object: 'Object Repository/Page_MHK MarketProminence Sandbox/button_Yes' is clicked on

2022-12-29 11:04:51 - [MESSAGE][PASSED] - Object: 'Object Repository/Page_MHK MarketProminence Sandbox/button_Yes' is clicked on

2022-12-29 11:04:51 - [TEST_STEP][PASSED] - click(findTestObject("Object Repository/Page_MHK MarketProminence Sandbox/i_Contains_action-icon-is-enabled fa fa-fw _8e0d62")): Object: 'Object Repository/Page_MHK MarketProminence Sandbox/i_Contains_action-icon-is-enabled fa fa-fw _8e0d62' is clicked on

2022-12-29 11:05:03 - [MESSAGE][PASSED] - Object: 'Object Repository/Page_MHK MarketProminence Sandbox/i_Contains_action-icon-is-enabled fa fa-fw _8e0d62' is clicked on

2022-12-29 11:05:03 - [TEST_STEP][PASSED] - click(findTestObject("Object Repository/Page_MHK MarketProminence Sandbox/button_Yes")): Object: 'Object Repository/Page_MHK MarketProminence Sandbox/button_Yes' is clicked on

2022-12-29 11:05:06 - [MESSAGE][PASSED] - Object: 'Object Repository/Page_MHK MarketProminence Sandbox/button_Yes' is clicked on

2022-12-29 11:05:06 - [TEST_STEP][PASSED] - click(findTestObject("Object Repository/Page_MHK MarketProminence Sandbox/i_Contains_action-icon-is-enabled fa fa-fw _8e0d62")): Object: 'Object Repository/Page_MHK MarketProminence Sandbox/i_Contains_action-icon-is-enabled fa fa-fw _8e0d62' is clicked on

2022-12-29 11:05:11 - [MESSAGE][PASSED] - Object: 'Object Repository/Page_MHK MarketProminence Sandbox/i_Contains_action-icon-is-enabled fa fa-fw _8e0d62' is clicked on

2022-12-29 11:05:11 - [TEST_STEP][PASSED] - click(findTestObject("Object Repository/Page_MHK MarketProminence Sandbox/button_Yes")): Object: 'Object Repository/Page_MHK MarketProminence Sandbox/button_Yes' is clicked on

2022-12-29 11:05:11 - [MESSAGE][PASSED] - Object: 'Object Repository/Page_MHK MarketProminence Sandbox/button_Yes' is clicked on

2022-12-29 11:05:11 - [TEST_STEP][PASSED] - click(findTestObject("Object Repository/Page_MHK MarketProminence Sandbox/a_About MarketProminence_mpweb-navbar-icon-_43a834")): Object: 'Object Repository/Page_MHK MarketProminence Sandbox/a_About MarketProminence_mpweb-navbar-icon-_43a834' is clicked on

2022-12-29 11:05:14 - [MESSAGE][PASSED] - Object: 'Object Repository/Page_MHK MarketProminence Sandbox/a_About MarketProminence_mpweb-navbar-icon-_43a834' is clicked on

2022-12-29 11:05:14 - [TEST_STEP][PASSED] - click(findTestObject("Object Repository/Page_MHK MarketProminence Sandbox/span_Log Out")): Object: 'Object Repository/Page_MHK MarketProminence Sandbox/span_Log Out' is clicked on

2022-12-29 11:05:15 - [MESSAGE][PASSED] - Object: 'Object Repository/Page_MHK MarketProminence Sandbox/span_Log Out' is clicked on

2022-12-29 11:05:15 - [TEST_STEP][PASSED] - navigateToUrl("https://mpwebsandbox.mhkdevsandbox.com/authenticate/Account/Logout?logoutId=CfDJ8K87TC5dzgBOtk8mjK3KbhZJ7srMBqIZeaK84EgHpItsTF3ug5ko5xKSjvrSn0sppYTlFgYNoqazYwuTiT7yZwYC5ERLgfRnHQUREdAE0koEe4iVBz1LPe7vFJyqL0EmWGUsrOdnRAvu33qN8wHH3dOKyIcGEi5fivCul-88yAJ6Ha4jyokVk9V5oWX7BBfFlc8fntCC3N0ijb2oQgkN_P8QOxY-K_BhAxzV_IH5bTo3ElkxmipC2F-Zl0LeoOkhtzPoTv_IzfUWdmNoGsxFoRSFhMtffMz7238EO-0QUWa4N9g_sUGm_ZjZIIHCjuIrMcMnm21n3B9mJIQPAQJWKy7c4VL9OuhLfKhs-07Y-dafoP7Ym62S5pnNUq5IDZ7n721k0WwE4Ryj78D0ZmlRHXJxtf5wUaGovO4ywS_4HDbCawSOzYekU5AODg7F4KHheRJlWghSxocNWvGXaHzepzSq8_KyaP1Pm-9el3YQqsNBpsNjhMiEHvtdyc9KVGGHpE1Rki8jBKph0-owSwtkINw"): Navigate to 'https://mpwebsandbox.mhkdevsandbox.com/authenticate/Account/Logout?logoutId=CfDJ8K87TC5dzgBOtk8mjK3KbhZJ7srMBqIZeaK84EgHpItsTF3ug5ko5xKSjvrSn0sppYTlFgYNoqazYwuTiT7yZwYC5ERLgfRnHQUREdAE0koEe4iVBz1LPe7vFJyqL0EmWGUsrOdnRAvu33qN8wHH3dOKyIcGEi5fivCul-88yAJ6Ha4jyokVk9V5oWX7BBfFlc8fntCC3N0ijb2oQgkN_P8QOxY-K_BhAxzV_IH5bTo3ElkxmipC2F-Zl0LeoOkhtzPoTv_IzfUWdmNoGsxFoRSFhMtffMz7238EO-0QUWa4N9g_sUGm_ZjZIIHCjuIrMcMnm21n3B9mJIQPAQJWKy7c4VL9OuhLfKhs-07Y-dafoP7Ym62S5pnNUq5IDZ7n721k0WwE4Ryj78D0ZmlRHXJxtf5wUaGovO4ywS_4HDbCawSOzYekU5AODg7F4KHheRJlWghSxocNWvGXaHzepzSq8_KyaP1Pm-9el3YQqsNBpsNjhMiEHvtdyc9KVGGHpE1Rki8jBKph0-owSwtkINw' successfully

2022-12-29 11:05:15 - [MESSAGE][PASSED] - Navigate to 'https://mpwebsandbox.mhkdevsandbox.com/authenticate/Account/Logout?logoutId=CfDJ8K87TC5dzgBOtk8mjK3KbhZJ7srMBqIZeaK84EgHpItsTF3ug5ko5xKSjvrSn0sppYTlFgYNoqazYwuTiT7yZwYC5ERLgfRnHQUREdAE0koEe4iVBz1LPe7vFJyqL0EmWGUsrOdnRAvu33qN8wHH3dOKyIcGEi5fivCul-88yAJ6Ha4jyokVk9V5oWX7BBfFlc8fntCC3N0ijb2oQgkN_P8QOxY-K_BhAxzV_IH5bTo3ElkxmipC2F-Zl0LeoOkhtzPoTv_IzfUWdmNoGsxFoRSFhMtffMz7238EO-0QUWa4N9g_sUGm_ZjZIIHCjuIrMcMnm21n3B9mJIQPAQJWKy7c4VL9OuhLfKhs-07Y-dafoP7Ym62S5pnNUq5IDZ7n721k0WwE4Ryj78D0ZmlRHXJxtf5wUaGovO4ywS_4HDbCawSOzYekU5AODg7F4KHheRJlWghSxocNWvGXaHzepzSq8_KyaP1Pm-9el3YQqsNBpsNjhMiEHvtdyc9KVGGHpE1Rki8jBKph0-owSwtkINw' successfully

2022-12-29 11:05:15 - [TEST_STEP][PASSED] - click(findTestObject("Object Repository/Page_MarketProminence Authorization/body_MarketProminence Authorization        _4e99f9")): Object: 'Object Repository/Page_MarketProminence Authorization/body_MarketProminence Authorization        _4e99f9' is clicked on

2022-12-29 11:05:16 - [MESSAGE][PASSED] - Object: 'Object Repository/Page_MarketProminence Authorization/body_MarketProminence Authorization        _4e99f9' is clicked on

2022-12-29 11:05:16 - [TEST_STEP][PASSED] - verifyElementText(findTestObject("Object Repository/Page_MarketProminence Authorization/small_You are now logged out"), "You are now logged out"): Actual text and expected text of test object 'Object Repository/Page_MarketProminence Authorization/small_You are now logged out' are matched.

2022-12-29 11:05:18 - [MESSAGE][PASSED] - Actual text and expected text of test object 'Object Repository/Page_MarketProminence Authorization/small_You are now logged out' are matched.

2022-12-29 11:05:18 - [TEST_STEP][PASSED] - closeBrowser(): Browser is closed

2022-12-29 11:05:21 - [MESSAGE][PASSED] - Browser is closed]]></system-out>
         <system-err><![CDATA[2022-12-29 10:58:38 - [TEST_CASE][FAILED] - Test Cases/Add_Affiliation: Test Cases/Add_Affiliation FAILED.
Reason:
com.kms.katalon.core.exception.StepFailedException: Actual text 'Records : 2' and expected text 'Record : 1' of test object 'Object Repository/Page_MHK MarketProminence Sandbox/span_Record  1' are NOT matched. (Root cause: com.kms.katalon.core.exception.StepFailedException: Actual text 'Records : 2' and expected text 'Record : 1' of test object 'Object Repository/Page_MHK MarketProminence Sandbox/span_Record  1' are NOT matched.
	at com.kms.katalon.core.webui.keyword.internal.WebUIKeywordMain.stepFailed(WebUIKeywordMain.groovy:64)
	at com.kms.katalon.core.webui.keyword.builtin.VerifyElementTextKeyword$_verifyElementText_closure1.doCall(VerifyElementTextKeyword.groovy:57)
	at com.kms.katalon.core.webui.keyword.builtin.VerifyElementTextKeyword$_verifyElementText_closure1.call(VerifyElementTextKeyword.groovy)
	at com.kms.katalon.core.webui.keyword.internal.WebUIKeywordMain.runKeyword(WebUIKeywordMain.groovy:20)
	at com.kms.katalon.core.webui.keyword.builtin.VerifyElementTextKeyword.verifyElementText(VerifyElementTextKeyword.groovy:72)
	at com.kms.katalon.core.webui.keyword.builtin.VerifyElementTextKeyword.execute(VerifyElementTextKeyword.groovy:40)
	at com.kms.katalon.core.keyword.internal.KeywordExecutor.executeKeywordForPlatform(KeywordExecutor.groovy:74)
	at com.kms.katalon.core.webui.keyword.WebUiBuiltInKeywords.verifyElementText(WebUiBuiltInKeywords.groovy:4749)
	at com.kms.katalon.core.webui.keyword.WebUiBuiltInKeywords$verifyElementText$6.call(Unknown Source)
	at Add_Affiliation.run(Add_Affiliation:194)
	at com.kms.katalon.core.main.ScriptEngine.run(ScriptEngine.java:194)
	at com.kms.katalon.core.main.ScriptEngine.runScriptAsRawText(ScriptEngine.java:119)
	at com.kms.katalon.core.main.TestCaseExecutor.runScript(TestCaseExecutor.java:448)
	at com.kms.katalon.core.main.TestCaseExecutor.doExecute(TestCaseExecutor.java:439)
	at com.kms.katalon.core.main.TestCaseExecutor.processExecutionPhase(TestCaseExecutor.java:418)
	at com.kms.katalon.core.main.TestCaseExecutor.accessMainPhase(TestCaseExecutor.java:410)
	at com.kms.katalon.core.main.TestCaseExecutor.execute(TestCaseExecutor.java:285)
	at com.kms.katalon.core.common.CommonExecutor.accessTestCaseMainPhase(CommonExecutor.java:65)
	at com.kms.katalon.core.main.TestSuiteExecutor.accessTestSuiteMainPhase(TestSuiteExecutor.java:151)
	at com.kms.katalon.core.main.TestSuiteExecutor.execute(TestSuiteExecutor.java:106)
	at com.kms.katalon.core.main.TestCaseMain.startTestSuite(TestCaseMain.java:185)
	at com.kms.katalon.core.main.TestCaseMain$startTestSuite$0.call(Unknown Source)
	at TempTestSuite1672291697359.run(TempTestSuite1672291697359.groovy:36)
)
	at com.kms.katalon.core.keyword.internal.KeywordMain.stepFailed(KeywordMain.groovy:39)
	at com.kms.katalon.core.webui.keyword.internal.WebUIKeywordMain.stepFailed(WebUIKeywordMain.groovy:64)
	at com.kms.katalon.core.webui.keyword.builtin.VerifyElementTextKeyword$_verifyElementText_closure1.doCall(VerifyElementTextKeyword.groovy:57)
	at com.kms.katalon.core.webui.keyword.builtin.VerifyElementTextKeyword$_verifyElementText_closure1.call(VerifyElementTextKeyword.groovy)
	at com.kms.katalon.core.webui.keyword.internal.WebUIKeywordMain.runKeyword(WebUIKeywordMain.groovy:20)
	at com.kms.katalon.core.webui.keyword.builtin.VerifyElementTextKeyword.verifyElementText(VerifyElementTextKeyword.groovy:72)
	at com.kms.katalon.core.webui.keyword.builtin.VerifyElementTextKeyword.execute(VerifyElementTextKeyword.groovy:40)
	at com.kms.katalon.core.keyword.internal.KeywordExecutor.executeKeywordForPlatform(KeywordExecutor.groovy:74)
	at com.kms.katalon.core.webui.keyword.WebUiBuiltInKeywords.verifyElementText(WebUiBuiltInKeywords.groovy:4749)
	at com.kms.katalon.core.webui.keyword.WebUiBuiltInKeywords$verifyElementText$6.call(Unknown Source)
	at Add_Affiliation.run(Add_Affiliation:194)
	at com.kms.katalon.core.main.ScriptEngine.run(ScriptEngine.java:194)
	at com.kms.katalon.core.main.ScriptEngine.runScriptAsRawText(ScriptEngine.java:119)
	at com.kms.katalon.core.main.TestCaseExecutor.runScript(TestCaseExecutor.java:448)
	at com.kms.katalon.core.main.TestCaseExecutor.doExecute(TestCaseExecutor.java:439)
	at com.kms.katalon.core.main.TestCaseExecutor.processExecutionPhase(TestCaseExecutor.java:418)
	at com.kms.katalon.core.main.TestCaseExecutor.accessMainPhase(TestCaseExecutor.java:410)
	at com.kms.katalon.core.main.TestCaseExecutor.execute(TestCaseExecutor.java:285)
	at com.kms.katalon.core.common.CommonExecutor.accessTestCaseMainPhase(CommonExecutor.java:65)
	at com.kms.katalon.core.main.TestSuiteExecutor.accessTestSuiteMainPhase(TestSuiteExecutor.java:151)
	at com.kms.katalon.core.main.TestSuiteExecutor.execute(TestSuiteExecutor.java:106)
	at com.kms.katalon.core.main.TestCaseMain.startTestSuite(TestCaseMain.java:185)
	at com.kms.katalon.core.main.TestCaseMain$startTestSuite$0.call(Unknown Source)
	at TempTestSuite1672291697359.run(TempTestSuite1672291697359.groovy:36)
Caused by: com.kms.katalon.core.exception.StepFailedException: Actual text 'Records : 2' and expected text 'Record : 1' of test object 'Object Repository/Page_MHK MarketProminence Sandbox/span_Record  1' are NOT matched.
	... 23 more]]></system-err>
      </testcase>
      <testcase name="Test Cases/Add_Affiliation" time="203.377" classname="Test Cases/Add_Affiliation" status="PASSED">
         <system-out><![CDATA[2022-12-29 11:05:21 - [TEST_CASE][PASSED] - Test Cases/Add_Affiliation: Test Cases/Add_Affiliation

2022-12-29 11:05:21 - [TEST_STEP][PASSED] - callTestCase(findTestCase("LoginTestcase"), ["url":url, "username":username, "password":password], CONTINUE_ON_FAILURE): Call Test Case 'Test Cases/LoginTestcase' successfully

2022-12-29 11:05:21 - [TEST_CASE][PASSED] - Test Cases/LoginTestcase: Test Cases/LoginTestcase

2022-12-29 11:05:21 - [TEST_STEP][PASSED] - openBrowser(""): Browser is opened with url: ''

2022-12-29 11:05:21 - [MESSAGE][INFO] - Starting 'Chrome' driver

2022-12-29 11:05:21 - [MESSAGE][INFO] - Action delay is set to 0 milliseconds

2022-12-29 11:05:26 - [MESSAGE][WARNING] - FFmpeg was not installed! Browser Recording will be disabled. Please follow this document to install FFmpeg first: https://docs.katalon.com/katalon-studio/docs/screenshots-videos.html#browser-based-recorder

2022-12-29 11:05:26 - [MESSAGE][PASSED] - Browser is opened with url: ''

2022-12-29 11:05:26 - [TEST_STEP][PASSED] - navigateToUrl(url): Navigate to 'https://mpwebdemo.mhkdevsandbox.com' successfully

2022-12-29 11:05:37 - [MESSAGE][PASSED] - Navigate to 'https://mpwebdemo.mhkdevsandbox.com' successfully

2022-12-29 11:05:37 - [TEST_STEP][PASSED] - var = verifyTextPresent("MarketProminence Login", false, OPTIONAL): Text 'MarketProminence Login' is present on page 

2022-12-29 11:05:43 - [MESSAGE][PASSED] - Text 'MarketProminence Login' is present on page 

2022-12-29 11:05:43 - [TEST_STEP][PASSED] - if (var == true): Wait for page load successfully

2022-12-29 11:05:43 - [TEST_STEP][PASSED] - setText(findTestObject("Object Repository/Page_MarketProminence Authorization/input_Username_Username"), username): Text 'DZCPS' is set on object 'Object Repository/Page_MarketProminence Authorization/input_Username_Username'

2022-12-29 11:05:44 - [MESSAGE][PASSED] - Text 'DZCPS' is set on object 'Object Repository/Page_MarketProminence Authorization/input_Username_Username'

2022-12-29 11:05:44 - [TEST_STEP][PASSED] - click(findTestObject("Object Repository/Page_MarketProminence Authorization/div_Password")): Object: 'Object Repository/Page_MarketProminence Authorization/div_Password' is clicked on

2022-12-29 11:05:45 - [MESSAGE][PASSED] - Object: 'Object Repository/Page_MarketProminence Authorization/div_Password' is clicked on

2022-12-29 11:05:45 - [TEST_STEP][PASSED] - setText(findTestObject("Object Repository/Page_MarketProminence Authorization/input_Password_Password"), password): Text 'mp0292' is set on object 'Object Repository/Page_MarketProminence Authorization/input_Password_Password'

2022-12-29 11:05:46 - [MESSAGE][PASSED] - Text 'mp0292' is set on object 'Object Repository/Page_MarketProminence Authorization/input_Password_Password'

2022-12-29 11:05:46 - [TEST_STEP][PASSED] - click(findTestObject("Object Repository/Page_MarketProminence Authorization/button_Login")): Object: 'Object Repository/Page_MarketProminence Authorization/button_Login' is clicked on

2022-12-29 11:05:55 - [MESSAGE][PASSED] - Object: 'Object Repository/Page_MarketProminence Authorization/button_Login' is clicked on

2022-12-29 11:05:55 - [TEST_STEP][PASSED] - waitForPageLoad(30): Wait for page load successfully

2022-12-29 11:05:55 - [MESSAGE][PASSED] - Wait for page load successfully

2022-12-29 11:05:55 - [MESSAGE][PASSED] - Call Test Case 'Test Cases/LoginTestcase' successfully

2022-12-29 11:05:55 - [TEST_STEP][PASSED] - click(findTestObject("Object Repository/Page_MHK MarketProminence Sandbox/a_MarketProminence_mpweb-navbar-icon-button_1cdd27")): Object: 'Object Repository/Page_MHK MarketProminence Sandbox/a_MarketProminence_mpweb-navbar-icon-button_1cdd27' is clicked on

2022-12-29 11:06:03 - [MESSAGE][PASSED] - Object: 'Object Repository/Page_MHK MarketProminence Sandbox/a_MarketProminence_mpweb-navbar-icon-button_1cdd27' is clicked on

2022-12-29 11:06:03 - [TEST_STEP][PASSED] - click(findTestObject("Object Repository/Page_MHK MarketProminence Sandbox/a_Setup")): Object: 'Object Repository/Page_MHK MarketProminence Sandbox/a_Setup' is clicked on

2022-12-29 11:06:04 - [MESSAGE][PASSED] - Object: 'Object Repository/Page_MHK MarketProminence Sandbox/a_Setup' is clicked on

2022-12-29 11:06:04 - [TEST_STEP][PASSED] - click(findTestObject("Object Repository/Page_MHK MarketProminence Sandbox/a_Action")): Object: 'Object Repository/Page_MHK MarketProminence Sandbox/a_Action' is clicked on

2022-12-29 11:06:24 - [MESSAGE][PASSED] - Object: 'Object Repository/Page_MHK MarketProminence Sandbox/a_Action' is clicked on

2022-12-29 11:06:24 - [TEST_STEP][PASSED] - click(findTestObject("Object Repository/Page_MHK MarketProminence Sandbox/selectAffiliation")): Object: 'Object Repository/Page_MHK MarketProminence Sandbox/selectAffiliation' is clicked on

2022-12-29 11:06:25 - [MESSAGE][PASSED] - Object: 'Object Repository/Page_MHK MarketProminence Sandbox/selectAffiliation' is clicked on

2022-12-29 11:06:25 - [TEST_STEP][PASSED] - click(findTestObject("Object Repository/Page_MHK MarketProminence Sandbox/button_Add")): Object: 'Object Repository/Page_MHK MarketProminence Sandbox/button_Add' is clicked on

2022-12-29 11:06:34 - [MESSAGE][PASSED] - Object: 'Object Repository/Page_MHK MarketProminence Sandbox/button_Add' is clicked on

2022-12-29 11:06:34 - [TEST_STEP][PASSED] - setText(findTestObject("Object Repository/Page_MHK MarketProminence Sandbox/input_Primary_affiliation"), "staff user"): Text 'staff user' is set on object 'Object Repository/Page_MHK MarketProminence Sandbox/input_Primary_affiliation'

2022-12-29 11:06:38 - [MESSAGE][PASSED] - Text 'staff user' is set on object 'Object Repository/Page_MHK MarketProminence Sandbox/input_Primary_affiliation'

2022-12-29 11:06:38 - [TEST_STEP][PASSED] - click(findTestObject("Object Repository/Page_MHK MarketProminence Sandbox/input_Secondary_affiliation")): Object: 'Object Repository/Page_MHK MarketProminence Sandbox/input_Secondary_affiliation' is clicked on

2022-12-29 11:06:40 - [MESSAGE][PASSED] - Object: 'Object Repository/Page_MHK MarketProminence Sandbox/input_Secondary_affiliation' is clicked on

2022-12-29 11:06:40 - [TEST_STEP][PASSED] - setText(findTestObject("Object Repository/Page_MHK MarketProminence Sandbox/input_Secondary_affiliation"), "user1"): Text 'user1' is set on object 'Object Repository/Page_MHK MarketProminence Sandbox/input_Secondary_affiliation'

2022-12-29 11:06:42 - [MESSAGE][PASSED] - Text 'user1' is set on object 'Object Repository/Page_MHK MarketProminence Sandbox/input_Secondary_affiliation'

2022-12-29 11:06:42 - [TEST_STEP][PASSED] - click(findTestObject("Object Repository/Page_MHK MarketProminence Sandbox/input_Lan_assignedPrograms-SELECTED-row-2-col-0")): Object: 'Object Repository/Page_MHK MarketProminence Sandbox/input_Lan_assignedPrograms-SELECTED-row-2-col-0' is clicked on

2022-12-29 11:06:44 - [MESSAGE][PASSED] - Object: 'Object Repository/Page_MHK MarketProminence Sandbox/input_Lan_assignedPrograms-SELECTED-row-2-col-0' is clicked on

2022-12-29 11:06:44 - [TEST_STEP][PASSED] - click(findTestObject("Object Repository/Page_MHK MarketProminence Sandbox/input_M03_assignedPrograms-SELECTED-row-3-col-0")): Object: 'Object Repository/Page_MHK MarketProminence Sandbox/input_M03_assignedPrograms-SELECTED-row-3-col-0' is clicked on

2022-12-29 11:06:45 - [MESSAGE][PASSED] - Object: 'Object Repository/Page_MHK MarketProminence Sandbox/input_M03_assignedPrograms-SELECTED-row-3-col-0' is clicked on

2022-12-29 11:06:45 - [TEST_STEP][PASSED] - click(findTestObject("Object Repository/Page_MHK MarketProminence Sandbox/button_Save")): Object: 'Object Repository/Page_MHK MarketProminence Sandbox/button_Save' is clicked on

2022-12-29 11:06:46 - [MESSAGE][PASSED] - Object: 'Object Repository/Page_MHK MarketProminence Sandbox/button_Save' is clicked on

2022-12-29 11:06:46 - [TEST_STEP][PASSED] - click(findTestObject("Object Repository/Page_MHK MarketProminence Sandbox/span_staff user (1)")): Object: 'Object Repository/Page_MHK MarketProminence Sandbox/span_staff user (1)' is clicked on

2022-12-29 11:06:54 - [MESSAGE][PASSED] - Object: 'Object Repository/Page_MHK MarketProminence Sandbox/span_staff user (1)' is clicked on

2022-12-29 11:06:54 - [TEST_STEP][PASSED] - click(findTestObject("Object Repository/Page_MHK MarketProminence Sandbox/button_Add")): Object: 'Object Repository/Page_MHK MarketProminence Sandbox/button_Add' is clicked on

2022-12-29 11:06:56 - [MESSAGE][PASSED] - Object: 'Object Repository/Page_MHK MarketProminence Sandbox/button_Add' is clicked on

2022-12-29 11:06:56 - [TEST_STEP][PASSED] - click(findTestObject("Object Repository/Page_MHK MarketProminence Sandbox/span_Primary_k-button-icon k-icon k-i-arrow-s")): Object: 'Object Repository/Page_MHK MarketProminence Sandbox/span_Primary_k-button-icon k-icon k-i-arrow-s' is clicked on

2022-12-29 11:06:58 - [MESSAGE][PASSED] - Object: 'Object Repository/Page_MHK MarketProminence Sandbox/span_Primary_k-button-icon k-icon k-i-arrow-s' is clicked on

2022-12-29 11:06:58 - [TEST_STEP][PASSED] - setText(findTestObject("Object Repository/Page_MHK MarketProminence Sandbox/input_Primary_affiliation"), "staff user"): Text 'staff user' is set on object 'Object Repository/Page_MHK MarketProminence Sandbox/input_Primary_affiliation'

2022-12-29 11:07:00 - [MESSAGE][PASSED] - Text 'staff user' is set on object 'Object Repository/Page_MHK MarketProminence Sandbox/input_Primary_affiliation'

2022-12-29 11:07:00 - [TEST_STEP][PASSED] - setText(findTestObject("Object Repository/Page_MHK MarketProminence Sandbox/input_Secondary_affiliation"), "user2"): Text 'user2' is set on object 'Object Repository/Page_MHK MarketProminence Sandbox/input_Secondary_affiliation'

2022-12-29 11:07:01 - [MESSAGE][PASSED] - Text 'user2' is set on object 'Object Repository/Page_MHK MarketProminence Sandbox/input_Secondary_affiliation'

2022-12-29 11:07:01 - [TEST_STEP][PASSED] - click(findTestObject("Object Repository/Page_MHK MarketProminence Sandbox/input_M03_assignedPrograms-SELECTED-row-3-col-0")): Object: 'Object Repository/Page_MHK MarketProminence Sandbox/input_M03_assignedPrograms-SELECTED-row-3-col-0' is clicked on

2022-12-29 11:07:06 - [MESSAGE][PASSED] - Object: 'Object Repository/Page_MHK MarketProminence Sandbox/input_M03_assignedPrograms-SELECTED-row-3-col-0' is clicked on

2022-12-29 11:07:06 - [TEST_STEP][PASSED] - click(findTestObject("Object Repository/Page_MHK MarketProminence Sandbox/button_Save")): Object: 'Object Repository/Page_MHK MarketProminence Sandbox/button_Save' is clicked on

2022-12-29 11:07:06 - [MESSAGE][PASSED] - Object: 'Object Repository/Page_MHK MarketProminence Sandbox/button_Save' is clicked on

2022-12-29 11:07:07 - [TEST_STEP][NOT_RUN] - verifyElementText(findTestObject("Object Repository/Page_MHK MarketProminence Sandbox/div_Successfully saved Affiliation"), "Successfully saved Affiliation."): NOT_RUN: verifyElementText(findTestObject("Object Repository/Page_MHK MarketProminence Sandbox/div_Successfully saved Affiliation"), "Successfully saved Affiliation.")

2022-12-29 11:07:07 - [MESSAGE][NOT_RUN] - NOT_RUN: verifyElementText(findTestObject("Object Repository/Page_MHK MarketProminence Sandbox/div_Successfully saved Affiliation"), "Successfully saved Affiliation.")

2022-12-29 11:07:07 - [TEST_STEP][PASSED] - click(findTestObject("Object Repository/Page_MHK MarketProminence Sandbox/i_Contains_action-icon-is-enabled fa fa-clo_c0333a")): Object: 'Object Repository/Page_MHK MarketProminence Sandbox/i_Contains_action-icon-is-enabled fa fa-clo_c0333a' is clicked on

2022-12-29 11:07:16 - [MESSAGE][PASSED] - Object: 'Object Repository/Page_MHK MarketProminence Sandbox/i_Contains_action-icon-is-enabled fa fa-clo_c0333a' is clicked on

2022-12-29 11:07:16 - [TEST_STEP][PASSED] - click(findTestObject("Object Repository/Page_MHK MarketProminence Sandbox/input_Contains_copyFrom-selected-col-radio-0")): Object: 'Object Repository/Page_MHK MarketProminence Sandbox/input_Contains_copyFrom-selected-col-radio-0' is clicked on

2022-12-29 11:07:18 - [MESSAGE][PASSED] - Object: 'Object Repository/Page_MHK MarketProminence Sandbox/input_Contains_copyFrom-selected-col-radio-0' is clicked on

2022-12-29 11:07:18 - [TEST_STEP][PASSED] - click(findTestObject("Object Repository/Page_MHK MarketProminence Sandbox/button_Copy")): Object: 'Object Repository/Page_MHK MarketProminence Sandbox/button_Copy' is clicked on

2022-12-29 11:07:19 - [MESSAGE][PASSED] - Object: 'Object Repository/Page_MHK MarketProminence Sandbox/button_Copy' is clicked on

2022-12-29 11:07:19 - [TEST_STEP][PASSED] - maximizeWindow(): Current window maximized

2022-12-29 11:07:19 - [MESSAGE][PASSED] - Current window maximized

2022-12-29 11:07:19 - [TEST_STEP][PASSED] - verifyElementText(findTestObject("Object Repository/Page_MHK MarketProminence Sandbox/div_Programs Copied Successfully"), "Programs Copied Successfully"): Actual text and expected text of test object 'Object Repository/Page_MHK MarketProminence Sandbox/div_Programs Copied Successfully' are matched.

2022-12-29 11:07:21 - [MESSAGE][PASSED] - Actual text and expected text of test object 'Object Repository/Page_MHK MarketProminence Sandbox/div_Programs Copied Successfully' are matched.

2022-12-29 11:07:21 - [TEST_STEP][PASSED] - click(findTestObject("Object Repository/Page_MHK MarketProminence Sandbox/span_Copy Programs - staff user_k-button-ic_e1b3d7")): Object: 'Object Repository/Page_MHK MarketProminence Sandbox/span_Copy Programs - staff user_k-button-ic_e1b3d7' is clicked on

2022-12-29 11:07:25 - [MESSAGE][PASSED] - Object: 'Object Repository/Page_MHK MarketProminence Sandbox/span_Copy Programs - staff user_k-button-ic_e1b3d7' is clicked on

2022-12-29 11:07:25 - [TEST_STEP][PASSED] - click(findTestObject("Object Repository/Page_MHK MarketProminence Sandbox/button_Add")): Object: 'Object Repository/Page_MHK MarketProminence Sandbox/button_Add' is clicked on

2022-12-29 11:07:28 - [MESSAGE][PASSED] - Object: 'Object Repository/Page_MHK MarketProminence Sandbox/button_Add' is clicked on

2022-12-29 11:07:28 - [TEST_STEP][PASSED] - setText(findTestObject("Object Repository/Page_MHK MarketProminence Sandbox/input_Primary_affiliation"), "staff user"): Text 'staff user' is set on object 'Object Repository/Page_MHK MarketProminence Sandbox/input_Primary_affiliation'

2022-12-29 11:07:29 - [MESSAGE][PASSED] - Text 'staff user' is set on object 'Object Repository/Page_MHK MarketProminence Sandbox/input_Primary_affiliation'

2022-12-29 11:07:29 - [TEST_STEP][PASSED] - setText(findTestObject("Object Repository/Page_MHK MarketProminence Sandbox/input_Secondary_affiliation"), "user3"): Text 'user3' is set on object 'Object Repository/Page_MHK MarketProminence Sandbox/input_Secondary_affiliation'

2022-12-29 11:07:31 - [MESSAGE][PASSED] - Text 'user3' is set on object 'Object Repository/Page_MHK MarketProminence Sandbox/input_Secondary_affiliation'

2022-12-29 11:07:31 - [TEST_STEP][PASSED] - click(findTestObject("Object Repository/Page_MHK MarketProminence Sandbox/input_KL0_assignedPrograms-SELECTED-row-1-col-0")): Object: 'Object Repository/Page_MHK MarketProminence Sandbox/input_KL0_assignedPrograms-SELECTED-row-1-col-0' is clicked on

2022-12-29 11:07:32 - [MESSAGE][PASSED] - Object: 'Object Repository/Page_MHK MarketProminence Sandbox/input_KL0_assignedPrograms-SELECTED-row-1-col-0' is clicked on

2022-12-29 11:07:32 - [TEST_STEP][PASSED] - click(findTestObject("Object Repository/Page_MHK MarketProminence Sandbox/input_M05_assignedPrograms-SELECTED-row-4-col-0")): Object: 'Object Repository/Page_MHK MarketProminence Sandbox/input_M05_assignedPrograms-SELECTED-row-4-col-0' is clicked on

2022-12-29 11:07:33 - [MESSAGE][PASSED] - Object: 'Object Repository/Page_MHK MarketProminence Sandbox/input_M05_assignedPrograms-SELECTED-row-4-col-0' is clicked on

2022-12-29 11:07:33 - [TEST_STEP][PASSED] - click(findTestObject("Object Repository/Page_MHK MarketProminence Sandbox/button_Save")): Object: 'Object Repository/Page_MHK MarketProminence Sandbox/button_Save' is clicked on

2022-12-29 11:07:34 - [MESSAGE][PASSED] - Object: 'Object Repository/Page_MHK MarketProminence Sandbox/button_Save' is clicked on

2022-12-29 11:07:34 - [TEST_STEP][PASSED] - click(findTestObject("Object Repository/Page_MHK MarketProminence Sandbox/applyfrom")): Object: 'Object Repository/Page_MHK MarketProminence Sandbox/applyfrom' is clicked on

2022-12-29 11:07:36 - [MESSAGE][PASSED] - Object: 'Object Repository/Page_MHK MarketProminence Sandbox/applyfrom' is clicked on

2022-12-29 11:07:36 - [TEST_STEP][PASSED] - click(findTestObject("Object Repository/Page_MHK MarketProminence Sandbox/ApplytoCheckbox1")): Object: 'Object Repository/Page_MHK MarketProminence Sandbox/ApplytoCheckbox1' is clicked on

2022-12-29 11:07:39 - [MESSAGE][PASSED] - Object: 'Object Repository/Page_MHK MarketProminence Sandbox/ApplytoCheckbox1' is clicked on

2022-12-29 11:07:39 - [TEST_STEP][PASSED] - click(findTestObject("Object Repository/Page_MHK MarketProminence Sandbox/Applytocheckbox2")): Object: 'Object Repository/Page_MHK MarketProminence Sandbox/Applytocheckbox2' is clicked on

2022-12-29 11:07:40 - [MESSAGE][PASSED] - Object: 'Object Repository/Page_MHK MarketProminence Sandbox/Applytocheckbox2' is clicked on

2022-12-29 11:07:40 - [TEST_STEP][PASSED] - click(findTestObject("Object Repository/Page_MHK MarketProminence Sandbox/Apply")): Object: 'Object Repository/Page_MHK MarketProminence Sandbox/Apply' is clicked on

2022-12-29 11:07:41 - [MESSAGE][PASSED] - Object: 'Object Repository/Page_MHK MarketProminence Sandbox/Apply' is clicked on

2022-12-29 11:07:41 - [TEST_STEP][PASSED] - click(findTestObject("Object Repository/Page_MHK MarketProminence Sandbox/closeApplypopupwindow")): Object: 'Object Repository/Page_MHK MarketProminence Sandbox/closeApplypopupwindow' is clicked on

2022-12-29 11:07:47 - [MESSAGE][PASSED] - Object: 'Object Repository/Page_MHK MarketProminence Sandbox/closeApplypopupwindow' is clicked on

2022-12-29 11:07:47 - [TEST_STEP][PASSED] - a = 1: null

2022-12-29 11:07:47 - [TEST_STEP][PASSED] - if (a == 5): null

2022-12-29 11:07:47 - [TEST_STEP][PASSED] - click(findTestObject("Object Repository/Page_MHK MarketProminence Sandbox/i_Voluntary Disenroll Reason(18)_fa fa-lg fa-table")): Object: 'Object Repository/Page_MHK MarketProminence Sandbox/i_Voluntary Disenroll Reason(18)_fa fa-lg fa-table' is clicked on

2022-12-29 11:07:49 - [MESSAGE][PASSED] - Object: 'Object Repository/Page_MHK MarketProminence Sandbox/i_Voluntary Disenroll Reason(18)_fa fa-lg fa-table' is clicked on

2022-12-29 11:07:49 - [TEST_STEP][PASSED] - click(findTestObject("Object Repository/Page_MHK MarketProminence Sandbox/span_SNP(1)_k-icon ng-tns-c68-17 k-i-expand")): Object: 'Object Repository/Page_MHK MarketProminence Sandbox/span_SNP(1)_k-icon ng-tns-c68-17 k-i-expand' is clicked on

2022-12-29 11:07:51 - [MESSAGE][PASSED] - Object: 'Object Repository/Page_MHK MarketProminence Sandbox/span_SNP(1)_k-icon ng-tns-c68-17 k-i-expand' is clicked on

2022-12-29 11:07:51 - [TEST_STEP][PASSED] - click(findTestObject("Object Repository/Page_MHK MarketProminence Sandbox/i_Contains_action-icon-is-enabled fa fa-fw _a6b016")): Object: 'Object Repository/Page_MHK MarketProminence Sandbox/i_Contains_action-icon-is-enabled fa fa-fw _a6b016' is clicked on

2022-12-29 11:07:52 - [MESSAGE][PASSED] - Object: 'Object Repository/Page_MHK MarketProminence Sandbox/i_Contains_action-icon-is-enabled fa fa-fw _a6b016' is clicked on

2022-12-29 11:07:52 - [TEST_STEP][PASSED] - getText(findTestObject("Object Repository/Page_MHK MarketProminence Sandbox/span_user2")): Text of object 'Object Repository/Page_MHK MarketProminence Sandbox/span_user2' is: '02 - GOVT EMERG/DISASTER- COVID19'

2022-12-29 11:07:55 - [MESSAGE][PASSED] - Text of object 'Object Repository/Page_MHK MarketProminence Sandbox/span_user2' is: '02 - GOVT EMERG/DISASTER- COVID19'

2022-12-29 11:07:55 - [TEST_STEP][PASSED] - click(findTestObject("Object Repository/Page_MHK MarketProminence Sandbox/i_Voluntary Disenroll Reason(18)_fa fa-lg f_9fce55")): Object: 'Object Repository/Page_MHK MarketProminence Sandbox/i_Voluntary Disenroll Reason(18)_fa fa-lg f_9fce55' is clicked on

2022-12-29 11:07:56 - [MESSAGE][PASSED] - Object: 'Object Repository/Page_MHK MarketProminence Sandbox/i_Voluntary Disenroll Reason(18)_fa fa-lg f_9fce55' is clicked on

2022-12-29 11:07:56 - [TEST_STEP][PASSED] - verifyElementText(findTestObject("Object Repository/Page_MHK MarketProminence Sandbox/span_Record  1"), "Record : 1"): Actual text and expected text of test object 'Object Repository/Page_MHK MarketProminence Sandbox/span_Record  1' are matched.

2022-12-29 11:07:58 - [MESSAGE][PASSED] - Actual text and expected text of test object 'Object Repository/Page_MHK MarketProminence Sandbox/span_Record  1' are matched.

2022-12-29 11:07:58 - [TEST_STEP][PASSED] - click(findTestObject("Object Repository/Page_MHK MarketProminence Sandbox/i_Voluntary Disenroll Reason(18)_fa fa-lg f_5f7ad2")): Object: 'Object Repository/Page_MHK MarketProminence Sandbox/i_Voluntary Disenroll Reason(18)_fa fa-lg f_5f7ad2' is clicked on

2022-12-29 11:07:59 - [MESSAGE][PASSED] - Object: 'Object Repository/Page_MHK MarketProminence Sandbox/i_Voluntary Disenroll Reason(18)_fa fa-lg f_5f7ad2' is clicked on

2022-12-29 11:07:59 - [TEST_STEP][PASSED] - verifyElementText(findTestObject("Object Repository/Page_MHK MarketProminence Sandbox/span_Records  2"), "Records : 2"): Actual text and expected text of test object 'Object Repository/Page_MHK MarketProminence Sandbox/span_Records  2' are matched.

2022-12-29 11:08:01 - [MESSAGE][PASSED] - Actual text and expected text of test object 'Object Repository/Page_MHK MarketProminence Sandbox/span_Records  2' are matched.

2022-12-29 11:08:01 - [TEST_STEP][PASSED] - click(findTestObject("Object Repository/Page_MHK MarketProminence Sandbox/i_Voluntary Disenroll Reason(18)_fa fa-lg fa-table")): Object: 'Object Repository/Page_MHK MarketProminence Sandbox/i_Voluntary Disenroll Reason(18)_fa fa-lg fa-table' is clicked on

2022-12-29 11:08:02 - [MESSAGE][PASSED] - Object: 'Object Repository/Page_MHK MarketProminence Sandbox/i_Voluntary Disenroll Reason(18)_fa fa-lg fa-table' is clicked on

2022-12-29 11:08:02 - [TEST_STEP][PASSED] - verifyElementText(findTestObject("Object Repository/Page_MHK MarketProminence Sandbox/span_Records  3"), "Records : 3"): Actual text and expected text of test object 'Object Repository/Page_MHK MarketProminence Sandbox/span_Records  3' are matched.

2022-12-29 11:08:03 - [MESSAGE][PASSED] - Actual text and expected text of test object 'Object Repository/Page_MHK MarketProminence Sandbox/span_Records  3' are matched.

2022-12-29 11:08:03 - [TEST_STEP][PASSED] - mouseOver(findTestObject("Object Repository/Page_MHK MarketProminence Sandbox/span_Assigned Programs_k-icon k-i-file-exce_807b9d")): Object: 'Object Repository/Page_MHK MarketProminence Sandbox/span_Assigned Programs_k-icon k-i-file-exce_807b9d' is hovered

2022-12-29 11:08:04 - [MESSAGE][PASSED] - Object: 'Object Repository/Page_MHK MarketProminence Sandbox/span_Assigned Programs_k-icon k-i-file-exce_807b9d' is hovered

2022-12-29 11:08:04 - [TEST_STEP][PASSED] - mouseOver(findTestObject("Object Repository/Page_MHK MarketProminence Sandbox/span_Assigned Programs_k-icon k-i-file-pdf _669663")): Object: 'Object Repository/Page_MHK MarketProminence Sandbox/span_Assigned Programs_k-icon k-i-file-pdf _669663' is hovered

2022-12-29 11:08:05 - [MESSAGE][PASSED] - Object: 'Object Repository/Page_MHK MarketProminence Sandbox/span_Assigned Programs_k-icon k-i-file-pdf _669663' is hovered

2022-12-29 11:08:05 - [TEST_STEP][NOT_RUN] - verifyElementText(findTestObject("Object Repository/Page_MHK MarketProminence Sandbox/span_Records  31"), "Records : 31"): NOT_RUN: verifyElementText(findTestObject("Object Repository/Page_MHK MarketProminence Sandbox/span_Records  31"), "Records : 31")

2022-12-29 11:08:05 - [MESSAGE][NOT_RUN] - NOT_RUN: verifyElementText(findTestObject("Object Repository/Page_MHK MarketProminence Sandbox/span_Records  31"), "Records : 31")

2022-12-29 11:08:05 - [TEST_STEP][PASSED] - click(findTestObject("Object Repository/Page_MHK MarketProminence Sandbox/i_Assigned Programs_fa fa-lg fa-table")): Object: 'Object Repository/Page_MHK MarketProminence Sandbox/i_Assigned Programs_fa fa-lg fa-table' is clicked on

2022-12-29 11:08:09 - [MESSAGE][PASSED] - Object: 'Object Repository/Page_MHK MarketProminence Sandbox/i_Assigned Programs_fa fa-lg fa-table' is clicked on

2022-12-29 11:08:09 - [TEST_STEP][PASSED] - click(findTestObject("Object Repository/Page_MHK MarketProminence Sandbox/i_Assigned Programs_fa fa-check-square fa-lg")): Object: 'Object Repository/Page_MHK MarketProminence Sandbox/i_Assigned Programs_fa fa-check-square fa-lg' is clicked on

2022-12-29 11:08:10 - [MESSAGE][PASSED] - Object: 'Object Repository/Page_MHK MarketProminence Sandbox/i_Assigned Programs_fa fa-check-square fa-lg' is clicked on

2022-12-29 11:08:10 - [TEST_STEP][PASSED] - getText(findTestObject("Object Repository/Page_MHK MarketProminence Sandbox/input_Contains_assignedPrograms-SELECTED-ro_1fd6e7")): Text of object 'Object Repository/Page_MHK MarketProminence Sandbox/input_Contains_assignedPrograms-SELECTED-ro_1fd6e7' is: ''

2022-12-29 11:08:11 - [MESSAGE][PASSED] - Text of object 'Object Repository/Page_MHK MarketProminence Sandbox/input_Contains_assignedPrograms-SELECTED-ro_1fd6e7' is: ''

2022-12-29 11:08:11 - [TEST_STEP][PASSED] - getText(findTestObject("Object Repository/Page_MHK MarketProminence Sandbox/input_KL0_assignedPrograms-SELECTED-row-1-col-0")): Text of object 'Object Repository/Page_MHK MarketProminence Sandbox/input_KL0_assignedPrograms-SELECTED-row-1-col-0' is: ''

2022-12-29 11:08:12 - [MESSAGE][PASSED] - Text of object 'Object Repository/Page_MHK MarketProminence Sandbox/input_KL0_assignedPrograms-SELECTED-row-1-col-0' is: ''

2022-12-29 11:08:12 - [TEST_STEP][PASSED] - click(findTestObject("Object Repository/Page_MHK MarketProminence Sandbox/i_Assigned Programs_fa fa-lg fa-square-o")): Object: 'Object Repository/Page_MHK MarketProminence Sandbox/i_Assigned Programs_fa fa-lg fa-square-o' is clicked on

2022-12-29 11:08:13 - [MESSAGE][PASSED] - Object: 'Object Repository/Page_MHK MarketProminence Sandbox/i_Assigned Programs_fa fa-lg fa-square-o' is clicked on

2022-12-29 11:08:13 - [TEST_STEP][PASSED] - click(findTestObject("Object Repository/Page_MHK MarketProminence Sandbox/i_Assigned Programs_fa fa-check-square fa-lg")): Object: 'Object Repository/Page_MHK MarketProminence Sandbox/i_Assigned Programs_fa fa-check-square fa-lg' is clicked on

2022-12-29 11:08:14 - [MESSAGE][PASSED] - Object: 'Object Repository/Page_MHK MarketProminence Sandbox/i_Assigned Programs_fa fa-check-square fa-lg' is clicked on

2022-12-29 11:08:14 - [TEST_STEP][PASSED] - click(findTestObject("Object Repository/Page_MHK MarketProminence Sandbox/i_Assigned Programs_fa fa-lg fa-square-o")): Object: 'Object Repository/Page_MHK MarketProminence Sandbox/i_Assigned Programs_fa fa-lg fa-square-o' is clicked on

2022-12-29 11:08:15 - [MESSAGE][PASSED] - Object: 'Object Repository/Page_MHK MarketProminence Sandbox/i_Assigned Programs_fa fa-lg fa-square-o' is clicked on

2022-12-29 11:08:15 - [TEST_STEP][PASSED] - click(findTestObject("Object Repository/Page_MHK MarketProminence Sandbox/i_Contains_action-icon-is-enabled fa fa-fw _582439")): Object: 'Object Repository/Page_MHK MarketProminence Sandbox/i_Contains_action-icon-is-enabled fa fa-fw _582439' is clicked on

2022-12-29 11:08:16 - [MESSAGE][PASSED] - Object: 'Object Repository/Page_MHK MarketProminence Sandbox/i_Contains_action-icon-is-enabled fa fa-fw _582439' is clicked on

2022-12-29 11:08:16 - [TEST_STEP][PASSED] - verifyElementText(findTestObject("Object Repository/Page_MHK MarketProminence Sandbox/span_Records  3"), "Records : 3"): Actual text and expected text of test object 'Object Repository/Page_MHK MarketProminence Sandbox/span_Records  3' are matched.

2022-12-29 11:08:25 - [MESSAGE][PASSED] - Actual text and expected text of test object 'Object Repository/Page_MHK MarketProminence Sandbox/span_Records  3' are matched.

2022-12-29 11:08:25 - [TEST_STEP][PASSED] - click(findTestObject("Object Repository/Page_MHK MarketProminence Sandbox/i_Contains_action-icon-is-enabled fa fa-fw _8e0d62")): Object: 'Object Repository/Page_MHK MarketProminence Sandbox/i_Contains_action-icon-is-enabled fa fa-fw _8e0d62' is clicked on

2022-12-29 11:08:26 - [MESSAGE][PASSED] - Object: 'Object Repository/Page_MHK MarketProminence Sandbox/i_Contains_action-icon-is-enabled fa fa-fw _8e0d62' is clicked on

2022-12-29 11:08:26 - [TEST_STEP][PASSED] - click(findTestObject("Object Repository/Page_MHK MarketProminence Sandbox/button_Yes")): Object: 'Object Repository/Page_MHK MarketProminence Sandbox/button_Yes' is clicked on

2022-12-29 11:08:27 - [MESSAGE][PASSED] - Object: 'Object Repository/Page_MHK MarketProminence Sandbox/button_Yes' is clicked on

2022-12-29 11:08:27 - [TEST_STEP][PASSED] - click(findTestObject("Object Repository/Page_MHK MarketProminence Sandbox/i_Contains_action-icon-is-enabled fa fa-fw _8e0d62")): Object: 'Object Repository/Page_MHK MarketProminence Sandbox/i_Contains_action-icon-is-enabled fa fa-fw _8e0d62' is clicked on

2022-12-29 11:08:30 - [MESSAGE][PASSED] - Object: 'Object Repository/Page_MHK MarketProminence Sandbox/i_Contains_action-icon-is-enabled fa fa-fw _8e0d62' is clicked on

2022-12-29 11:08:30 - [TEST_STEP][PASSED] - click(findTestObject("Object Repository/Page_MHK MarketProminence Sandbox/button_Yes")): Object: 'Object Repository/Page_MHK MarketProminence Sandbox/button_Yes' is clicked on

2022-12-29 11:08:31 - [MESSAGE][PASSED] - Object: 'Object Repository/Page_MHK MarketProminence Sandbox/button_Yes' is clicked on

2022-12-29 11:08:31 - [TEST_STEP][PASSED] - click(findTestObject("Object Repository/Page_MHK MarketProminence Sandbox/i_Contains_action-icon-is-enabled fa fa-fw _8e0d62")): Object: 'Object Repository/Page_MHK MarketProminence Sandbox/i_Contains_action-icon-is-enabled fa fa-fw _8e0d62' is clicked on

2022-12-29 11:08:34 - [MESSAGE][PASSED] - Object: 'Object Repository/Page_MHK MarketProminence Sandbox/i_Contains_action-icon-is-enabled fa fa-fw _8e0d62' is clicked on

2022-12-29 11:08:34 - [TEST_STEP][PASSED] - click(findTestObject("Object Repository/Page_MHK MarketProminence Sandbox/button_Yes")): Object: 'Object Repository/Page_MHK MarketProminence Sandbox/button_Yes' is clicked on

2022-12-29 11:08:35 - [MESSAGE][PASSED] - Object: 'Object Repository/Page_MHK MarketProminence Sandbox/button_Yes' is clicked on

2022-12-29 11:08:35 - [TEST_STEP][PASSED] - click(findTestObject("Object Repository/Page_MHK MarketProminence Sandbox/a_About MarketProminence_mpweb-navbar-icon-_43a834")): Object: 'Object Repository/Page_MHK MarketProminence Sandbox/a_About MarketProminence_mpweb-navbar-icon-_43a834' is clicked on

2022-12-29 11:08:38 - [MESSAGE][PASSED] - Object: 'Object Repository/Page_MHK MarketProminence Sandbox/a_About MarketProminence_mpweb-navbar-icon-_43a834' is clicked on

2022-12-29 11:08:38 - [TEST_STEP][PASSED] - click(findTestObject("Object Repository/Page_MHK MarketProminence Sandbox/span_Log Out")): Object: 'Object Repository/Page_MHK MarketProminence Sandbox/span_Log Out' is clicked on

2022-12-29 11:08:39 - [MESSAGE][PASSED] - Object: 'Object Repository/Page_MHK MarketProminence Sandbox/span_Log Out' is clicked on

2022-12-29 11:08:39 - [TEST_STEP][PASSED] - navigateToUrl("https://mpwebsandbox.mhkdevsandbox.com/authenticate/Account/Logout?logoutId=CfDJ8K87TC5dzgBOtk8mjK3KbhZJ7srMBqIZeaK84EgHpItsTF3ug5ko5xKSjvrSn0sppYTlFgYNoqazYwuTiT7yZwYC5ERLgfRnHQUREdAE0koEe4iVBz1LPe7vFJyqL0EmWGUsrOdnRAvu33qN8wHH3dOKyIcGEi5fivCul-88yAJ6Ha4jyokVk9V5oWX7BBfFlc8fntCC3N0ijb2oQgkN_P8QOxY-K_BhAxzV_IH5bTo3ElkxmipC2F-Zl0LeoOkhtzPoTv_IzfUWdmNoGsxFoRSFhMtffMz7238EO-0QUWa4N9g_sUGm_ZjZIIHCjuIrMcMnm21n3B9mJIQPAQJWKy7c4VL9OuhLfKhs-07Y-dafoP7Ym62S5pnNUq5IDZ7n721k0WwE4Ryj78D0ZmlRHXJxtf5wUaGovO4ywS_4HDbCawSOzYekU5AODg7F4KHheRJlWghSxocNWvGXaHzepzSq8_KyaP1Pm-9el3YQqsNBpsNjhMiEHvtdyc9KVGGHpE1Rki8jBKph0-owSwtkINw"): Navigate to 'https://mpwebsandbox.mhkdevsandbox.com/authenticate/Account/Logout?logoutId=CfDJ8K87TC5dzgBOtk8mjK3KbhZJ7srMBqIZeaK84EgHpItsTF3ug5ko5xKSjvrSn0sppYTlFgYNoqazYwuTiT7yZwYC5ERLgfRnHQUREdAE0koEe4iVBz1LPe7vFJyqL0EmWGUsrOdnRAvu33qN8wHH3dOKyIcGEi5fivCul-88yAJ6Ha4jyokVk9V5oWX7BBfFlc8fntCC3N0ijb2oQgkN_P8QOxY-K_BhAxzV_IH5bTo3ElkxmipC2F-Zl0LeoOkhtzPoTv_IzfUWdmNoGsxFoRSFhMtffMz7238EO-0QUWa4N9g_sUGm_ZjZIIHCjuIrMcMnm21n3B9mJIQPAQJWKy7c4VL9OuhLfKhs-07Y-dafoP7Ym62S5pnNUq5IDZ7n721k0WwE4Ryj78D0ZmlRHXJxtf5wUaGovO4ywS_4HDbCawSOzYekU5AODg7F4KHheRJlWghSxocNWvGXaHzepzSq8_KyaP1Pm-9el3YQqsNBpsNjhMiEHvtdyc9KVGGHpE1Rki8jBKph0-owSwtkINw' successfully

2022-12-29 11:08:39 - [MESSAGE][PASSED] - Navigate to 'https://mpwebsandbox.mhkdevsandbox.com/authenticate/Account/Logout?logoutId=CfDJ8K87TC5dzgBOtk8mjK3KbhZJ7srMBqIZeaK84EgHpItsTF3ug5ko5xKSjvrSn0sppYTlFgYNoqazYwuTiT7yZwYC5ERLgfRnHQUREdAE0koEe4iVBz1LPe7vFJyqL0EmWGUsrOdnRAvu33qN8wHH3dOKyIcGEi5fivCul-88yAJ6Ha4jyokVk9V5oWX7BBfFlc8fntCC3N0ijb2oQgkN_P8QOxY-K_BhAxzV_IH5bTo3ElkxmipC2F-Zl0LeoOkhtzPoTv_IzfUWdmNoGsxFoRSFhMtffMz7238EO-0QUWa4N9g_sUGm_ZjZIIHCjuIrMcMnm21n3B9mJIQPAQJWKy7c4VL9OuhLfKhs-07Y-dafoP7Ym62S5pnNUq5IDZ7n721k0WwE4Ryj78D0ZmlRHXJxtf5wUaGovO4ywS_4HDbCawSOzYekU5AODg7F4KHheRJlWghSxocNWvGXaHzepzSq8_KyaP1Pm-9el3YQqsNBpsNjhMiEHvtdyc9KVGGHpE1Rki8jBKph0-owSwtkINw' successfully

2022-12-29 11:08:39 - [TEST_STEP][PASSED] - click(findTestObject("Object Repository/Page_MarketProminence Authorization/body_MarketProminence Authorization        _4e99f9")): Object: 'Object Repository/Page_MarketProminence Authorization/body_MarketProminence Authorization        _4e99f9' is clicked on

2022-12-29 11:08:40 - [MESSAGE][PASSED] - Object: 'Object Repository/Page_MarketProminence Authorization/body_MarketProminence Authorization        _4e99f9' is clicked on

2022-12-29 11:08:40 - [TEST_STEP][PASSED] - verifyElementText(findTestObject("Object Repository/Page_MarketProminence Authorization/small_You are now logged out"), "You are now logged out"): Actual text and expected text of test object 'Object Repository/Page_MarketProminence Authorization/small_You are now logged out' are matched.

2022-12-29 11:08:42 - [MESSAGE][PASSED] - Actual text and expected text of test object 'Object Repository/Page_MarketProminence Authorization/small_You are now logged out' are matched.

2022-12-29 11:08:42 - [TEST_STEP][PASSED] - closeBrowser(): Browser is closed

2022-12-29 11:08:44 - [MESSAGE][PASSED] - Browser is closed]]></system-out>
         <system-err><![CDATA[]]></system-err>
      </testcase>
      <system-out><![CDATA[2022-12-29 10:58:36 - [TEST_SUITE][FAILED] - MpwebSuite1: Test Cases/Add_Affiliation FAILED.
Reason:
com.kms.katalon.core.exception.StepFailedException: Actual text 'Records : 2' and expected text 'Record : 1' of test object 'Object Repository/Page_MHK MarketProminence Sandbox/span_Record  1' are NOT matched. (Root cause: com.kms.katalon.core.exception.StepFailedException: Actual text 'Records : 2' and expected text 'Record : 1' of test object 'Object Repository/Page_MHK MarketProminence Sandbox/span_Record  1' are NOT matched.
	at com.kms.katalon.core.webui.keyword.internal.WebUIKeywordMain.stepFailed(WebUIKeywordMain.groovy:64)
	at com.kms.katalon.core.webui.keyword.builtin.VerifyElementTextKeyword$_verifyElementText_closure1.doCall(VerifyElementTextKeyword.groovy:57)
	at com.kms.katalon.core.webui.keyword.builtin.VerifyElementTextKeyword$_verifyElementText_closure1.call(VerifyElementTextKeyword.groovy)
	at com.kms.katalon.core.webui.keyword.internal.WebUIKeywordMain.runKeyword(WebUIKeywordMain.groovy:20)
	at com.kms.katalon.core.webui.keyword.builtin.VerifyElementTextKeyword.verifyElementText(VerifyElementTextKeyword.groovy:72)
	at com.kms.katalon.core.webui.keyword.builtin.VerifyElementTextKeyword.execute(VerifyElementTextKeyword.groovy:40)
	at com.kms.katalon.core.keyword.internal.KeywordExecutor.executeKeywordForPlatform(KeywordExecutor.groovy:74)
	at com.kms.katalon.core.webui.keyword.WebUiBuiltInKeywords.verifyElementText(WebUiBuiltInKeywords.groovy:4749)
	at com.kms.katalon.core.webui.keyword.WebUiBuiltInKeywords$verifyElementText$6.call(Unknown Source)
	at Add_Affiliation.run(Add_Affiliation:194)
	at com.kms.katalon.core.main.ScriptEngine.run(ScriptEngine.java:194)
	at com.kms.katalon.core.main.ScriptEngine.runScriptAsRawText(ScriptEngine.java:119)
	at com.kms.katalon.core.main.TestCaseExecutor.runScript(TestCaseExecutor.java:448)
	at com.kms.katalon.core.main.TestCaseExecutor.doExecute(TestCaseExecutor.java:439)
	at com.kms.katalon.core.main.TestCaseExecutor.processExecutionPhase(TestCaseExecutor.java:418)
	at com.kms.katalon.core.main.TestCaseExecutor.accessMainPhase(TestCaseExecutor.java:410)
	at com.kms.katalon.core.main.TestCaseExecutor.execute(TestCaseExecutor.java:285)
	at com.kms.katalon.core.common.CommonExecutor.accessTestCaseMainPhase(CommonExecutor.java:65)
	at com.kms.katalon.core.main.TestSuiteExecutor.accessTestSuiteMainPhase(TestSuiteExecutor.java:151)
	at com.kms.katalon.core.main.TestSuiteExecutor.execute(TestSuiteExecutor.java:106)
	at com.kms.katalon.core.main.TestCaseMain.startTestSuite(TestCaseMain.java:185)
	at com.kms.katalon.core.main.TestCaseMain$startTestSuite$0.call(Unknown Source)
	at TempTestSuite1672291697359.run(TempTestSuite1672291697359.groovy:36)
)
	at com.kms.katalon.core.keyword.internal.KeywordMain.stepFailed(KeywordMain.groovy:39)
	at com.kms.katalon.core.webui.keyword.internal.WebUIKeywordMain.stepFailed(WebUIKeywordMain.groovy:64)
	at com.kms.katalon.core.webui.keyword.builtin.VerifyElementTextKeyword$_verifyElementText_closure1.doCall(VerifyElementTextKeyword.groovy:57)
	at com.kms.katalon.core.webui.keyword.builtin.VerifyElementTextKeyword$_verifyElementText_closure1.call(VerifyElementTextKeyword.groovy)
	at com.kms.katalon.core.webui.keyword.internal.WebUIKeywordMain.runKeyword(WebUIKeywordMain.groovy:20)
	at com.kms.katalon.core.webui.keyword.builtin.VerifyElementTextKeyword.verifyElementText(VerifyElementTextKeyword.groovy:72)
	at com.kms.katalon.core.webui.keyword.builtin.VerifyElementTextKeyword.execute(VerifyElementTextKeyword.groovy:40)
	at com.kms.katalon.core.keyword.internal.KeywordExecutor.executeKeywordForPlatform(KeywordExecutor.groovy:74)
	at com.kms.katalon.core.webui.keyword.WebUiBuiltInKeywords.verifyElementText(WebUiBuiltInKeywords.groovy:4749)
	at com.kms.katalon.core.webui.keyword.WebUiBuiltInKeywords$verifyElementText$6.call(Unknown Source)
	at Add_Affiliation.run(Add_Affiliation:194)
	at com.kms.katalon.core.main.ScriptEngine.run(ScriptEngine.java:194)
	at com.kms.katalon.core.main.ScriptEngine.runScriptAsRawText(ScriptEngine.java:119)
	at com.kms.katalon.core.main.TestCaseExecutor.runScript(TestCaseExecutor.java:448)
	at com.kms.katalon.core.main.TestCaseExecutor.doExecute(TestCaseExecutor.java:439)
	at com.kms.katalon.core.main.TestCaseExecutor.processExecutionPhase(TestCaseExecutor.java:418)
	at com.kms.katalon.core.main.TestCaseExecutor.accessMainPhase(TestCaseExecutor.java:410)
	at com.kms.katalon.core.main.TestCaseExecutor.execute(TestCaseExecutor.java:285)
	at com.kms.katalon.core.common.CommonExecutor.accessTestCaseMainPhase(CommonExecutor.java:65)
	at com.kms.katalon.core.main.TestSuiteExecutor.accessTestSuiteMainPhase(TestSuiteExecutor.java:151)
	at com.kms.katalon.core.main.TestSuiteExecutor.execute(TestSuiteExecutor.java:106)
	at com.kms.katalon.core.main.TestCaseMain.startTestSuite(TestCaseMain.java:185)
	at com.kms.katalon.core.main.TestCaseMain$startTestSuite$0.call(Unknown Source)
	at TempTestSuite1672291697359.run(TempTestSuite1672291697359.groovy:36)
Caused by: com.kms.katalon.core.exception.StepFailedException: Actual text 'Records : 2' and expected text 'Record : 1' of test object 'Object Repository/Page_MHK MarketProminence Sandbox/span_Record  1' are NOT matched.
	... 23 more]]></system-out>
      <system-err><![CDATA[2022-12-29 10:58:36 - [TEST_SUITE][FAILED] - MpwebSuite1: Test Cases/Add_Affiliation FAILED.
Reason:
com.kms.katalon.core.exception.StepFailedException: Actual text 'Records : 2' and expected text 'Record : 1' of test object 'Object Repository/Page_MHK MarketProminence Sandbox/span_Record  1' are NOT matched. (Root cause: com.kms.katalon.core.exception.StepFailedException: Actual text 'Records : 2' and expected text 'Record : 1' of test object 'Object Repository/Page_MHK MarketProminence Sandbox/span_Record  1' are NOT matched.
	at com.kms.katalon.core.webui.keyword.internal.WebUIKeywordMain.stepFailed(WebUIKeywordMain.groovy:64)
	at com.kms.katalon.core.webui.keyword.builtin.VerifyElementTextKeyword$_verifyElementText_closure1.doCall(VerifyElementTextKeyword.groovy:57)
	at com.kms.katalon.core.webui.keyword.builtin.VerifyElementTextKeyword$_verifyElementText_closure1.call(VerifyElementTextKeyword.groovy)
	at com.kms.katalon.core.webui.keyword.internal.WebUIKeywordMain.runKeyword(WebUIKeywordMain.groovy:20)
	at com.kms.katalon.core.webui.keyword.builtin.VerifyElementTextKeyword.verifyElementText(VerifyElementTextKeyword.groovy:72)
	at com.kms.katalon.core.webui.keyword.builtin.VerifyElementTextKeyword.execute(VerifyElementTextKeyword.groovy:40)
	at com.kms.katalon.core.keyword.internal.KeywordExecutor.executeKeywordForPlatform(KeywordExecutor.groovy:74)
	at com.kms.katalon.core.webui.keyword.WebUiBuiltInKeywords.verifyElementText(WebUiBuiltInKeywords.groovy:4749)
	at com.kms.katalon.core.webui.keyword.WebUiBuiltInKeywords$verifyElementText$6.call(Unknown Source)
	at Add_Affiliation.run(Add_Affiliation:194)
	at com.kms.katalon.core.main.ScriptEngine.run(ScriptEngine.java:194)
	at com.kms.katalon.core.main.ScriptEngine.runScriptAsRawText(ScriptEngine.java:119)
	at com.kms.katalon.core.main.TestCaseExecutor.runScript(TestCaseExecutor.java:448)
	at com.kms.katalon.core.main.TestCaseExecutor.doExecute(TestCaseExecutor.java:439)
	at com.kms.katalon.core.main.TestCaseExecutor.processExecutionPhase(TestCaseExecutor.java:418)
	at com.kms.katalon.core.main.TestCaseExecutor.accessMainPhase(TestCaseExecutor.java:410)
	at com.kms.katalon.core.main.TestCaseExecutor.execute(TestCaseExecutor.java:285)
	at com.kms.katalon.core.common.CommonExecutor.accessTestCaseMainPhase(CommonExecutor.java:65)
	at com.kms.katalon.core.main.TestSuiteExecutor.accessTestSuiteMainPhase(TestSuiteExecutor.java:151)
	at com.kms.katalon.core.main.TestSuiteExecutor.execute(TestSuiteExecutor.java:106)
	at com.kms.katalon.core.main.TestCaseMain.startTestSuite(TestCaseMain.java:185)
	at com.kms.katalon.core.main.TestCaseMain$startTestSuite$0.call(Unknown Source)
	at TempTestSuite1672291697359.run(TempTestSuite1672291697359.groovy:36)
)
	at com.kms.katalon.core.keyword.internal.KeywordMain.stepFailed(KeywordMain.groovy:39)
	at com.kms.katalon.core.webui.keyword.internal.WebUIKeywordMain.stepFailed(WebUIKeywordMain.groovy:64)
	at com.kms.katalon.core.webui.keyword.builtin.VerifyElementTextKeyword$_verifyElementText_closure1.doCall(VerifyElementTextKeyword.groovy:57)
	at com.kms.katalon.core.webui.keyword.builtin.VerifyElementTextKeyword$_verifyElementText_closure1.call(VerifyElementTextKeyword.groovy)
	at com.kms.katalon.core.webui.keyword.internal.WebUIKeywordMain.runKeyword(WebUIKeywordMain.groovy:20)
	at com.kms.katalon.core.webui.keyword.builtin.VerifyElementTextKeyword.verifyElementText(VerifyElementTextKeyword.groovy:72)
	at com.kms.katalon.core.webui.keyword.builtin.VerifyElementTextKeyword.execute(VerifyElementTextKeyword.groovy:40)
	at com.kms.katalon.core.keyword.internal.KeywordExecutor.executeKeywordForPlatform(KeywordExecutor.groovy:74)
	at com.kms.katalon.core.webui.keyword.WebUiBuiltInKeywords.verifyElementText(WebUiBuiltInKeywords.groovy:4749)
	at com.kms.katalon.core.webui.keyword.WebUiBuiltInKeywords$verifyElementText$6.call(Unknown Source)
	at Add_Affiliation.run(Add_Affiliation:194)
	at com.kms.katalon.core.main.ScriptEngine.run(ScriptEngine.java:194)
	at com.kms.katalon.core.main.ScriptEngine.runScriptAsRawText(ScriptEngine.java:119)
	at com.kms.katalon.core.main.TestCaseExecutor.runScript(TestCaseExecutor.java:448)
	at com.kms.katalon.core.main.TestCaseExecutor.doExecute(TestCaseExecutor.java:439)
	at com.kms.katalon.core.main.TestCaseExecutor.processExecutionPhase(TestCaseExecutor.java:418)
	at com.kms.katalon.core.main.TestCaseExecutor.accessMainPhase(TestCaseExecutor.java:410)
	at com.kms.katalon.core.main.TestCaseExecutor.execute(TestCaseExecutor.java:285)
	at com.kms.katalon.core.common.CommonExecutor.accessTestCaseMainPhase(CommonExecutor.java:65)
	at com.kms.katalon.core.main.TestSuiteExecutor.accessTestSuiteMainPhase(TestSuiteExecutor.java:151)
	at com.kms.katalon.core.main.TestSuiteExecutor.execute(TestSuiteExecutor.java:106)
	at com.kms.katalon.core.main.TestCaseMain.startTestSuite(TestCaseMain.java:185)
	at com.kms.katalon.core.main.TestCaseMain$startTestSuite$0.call(Unknown Source)
	at TempTestSuite1672291697359.run(TempTestSuite1672291697359.groovy:36)
Caused by: com.kms.katalon.core.exception.StepFailedException: Actual text 'Records : 2' and expected text 'Record : 1' of test object 'Object Repository/Page_MHK MarketProminence Sandbox/span_Record  1' are NOT matched.
	... 23 more]]></system-err>
   </testsuite>
</testsuites>
